2025-11-06 17:36:10,722 - INFO - ‰ΩøÁî®HaarÁ∫ßËÅî‰∫∫ËÑ∏Ê£ÄÊµãÂô®
2025-11-06 17:36:10,722 - INFO - Êú™ÊâæÂà∞‰∫∫ËÑ∏Êï∞ÊçÆÂ∫ìÔºåÂ∞ÜÂàõÂª∫Êñ∞Êï∞ÊçÆÂ∫ì
2025-11-06 17:36:10,785 - INFO - Could not import comtypes.gen, trying to create it.
2025-11-06 17:36:10,785 - INFO - Created comtypes.gen directory: 'C:\Users\liliwanxiang\.conda\envs\Êú∫Âô®Â≠¶‰π†\Lib\site-packages\comtypes\gen'
2025-11-06 17:36:10,786 - INFO - Writing __init__.py file: 'C:\Users\liliwanxiang\.conda\envs\Êú∫Âô®Â≠¶‰π†\Lib\site-packages\comtypes\gen\__init__.py'
2025-11-06 17:36:10,799 - INFO - Using writeable comtypes cache directory: 'C:\Users\liliwanxiang\.conda\envs\Êú∫Âô®Â≠¶‰π†\Lib\site-packages\comtypes\gen'
2025-11-06 17:36:10,829 - INFO - Could not import comtypes.gen._C866CA3A_32F7_11D2_9602_00C04F8EE628_0_5_4: No module named 'comtypes.gen._C866CA3A_32F7_11D2_9602_00C04F8EE628_0_5_4'
2025-11-06 17:36:10,833 - INFO - # Generating comtypes.gen._C866CA3A_32F7_11D2_9602_00C04F8EE628_0_5_4
2025-11-06 17:36:10,898 - INFO - # Generating comtypes.gen.SpeechLib
2025-11-06 17:36:10,904 - INFO - Could not import comtypes.gen._00020430_0000_0000_C000_000000000046_0_2_0: No module named 'comtypes.gen._00020430_0000_0000_C000_000000000046_0_2_0'
2025-11-06 17:36:10,905 - INFO - # Generating comtypes.gen._00020430_0000_0000_C000_000000000046_0_2_0
2025-11-06 17:36:10,910 - INFO - # Generating comtypes.gen.stdole
2025-11-06 17:36:11,513 - INFO - Â∑≤ËÆæÁΩÆ‰∏≠ÊñáËØ≠Èü≥: Microsoft Huihui Desktop - Chinese (Simplified)
2025-11-06 17:36:11,513 - INFO - ËØ≠Èü≥Êí≠Êä•Âô®ÂàùÂßãÂåñÂÆåÊàê
2025-11-06 17:36:14,738 - INFO - ‚úÖ ÊëÑÂÉèÂ§¥ÂàùÂßãÂåñÊàêÂäü
2025-11-06 17:36:14,739 - INFO - Â∫îÁî®Á®ãÂ∫èÂàùÂßãÂåñÂÆåÊàê
2025-11-06 17:36:19,000 - INFO - üéØ ÂºÄÂßã‰∫∫ËÑ∏ËØÜÂà´
2025-11-06 17:36:19,730 - ERROR - ‰∫∫ËÑ∏Ê£ÄÊµãÂ§±Ë¥•: OpenCV(4.12.0) D:\a\opencv-python\opencv-python\opencv\modules\objdetect\src\cascadedetect.cpp:1689: error: (-215:Assertion failed) !empty() in function 'cv::CascadeClassifier::detectMultiScale'

2025-11-06 17:36:19,780 - ERROR - ‰∫∫ËÑ∏Ê£ÄÊµãÂ§±Ë¥•: OpenCV(4.12.0) D:\a\opencv-python\opencv-python\opencv\modules\objdetect\src\cascadedetect.cpp:1689: error: (-215:Assertion failed) !empty() in function 'cv::CascadeClassifier::detectMultiScale'

2025-11-06 17:36:19,890 - ERROR - ‰∫∫ËÑ∏Ê£ÄÊµãÂ§±Ë¥•: OpenCV(4.12.0) D:\a\opencv-python\opencv-python\opencv\modules\objdetect\src\cascadedetect.cpp:1689: error: (-215:Assertion failed) !empty() in function 'cv::CascadeClassifier::detectMultiScale'

2025-11-06 17:36:20,006 - ERROR - ‰∫∫ËÑ∏Ê£ÄÊµãÂ§±Ë¥•: OpenCV(4.12.0) D:\a\opencv-python\opencv-python\opencv\modules\objdetect\src\cascadedetect.cpp:1689: error: (-215:Assertion failed) !empty() in function 'cv::CascadeClassifier::detectMultiScale'

2025-11-06 17:36:20,107 - ERROR - ‰∫∫ËÑ∏Ê£ÄÊµãÂ§±Ë¥•: OpenCV(4.12.0) D:\a\opencv-python\opencv-python\opencv\modules\objdetect\src\cascadedetect.cpp:1689: error: (-215:Assertion failed) !empty() in function 'cv::CascadeClassifier::detectMultiScale'

2025-11-06 17:36:20,219 - ERROR - ‰∫∫ËÑ∏Ê£ÄÊµãÂ§±Ë¥•: OpenCV(4.12.0) D:\a\opencv-python\opencv-python\opencv\modules\objdetect\src\cascadedetect.cpp:1689: error: (-215:Assertion failed) !empty() in function 'cv::CascadeClassifier::detectMultiScale'

2025-11-06 17:36:20,326 - ERROR - ‰∫∫ËÑ∏Ê£ÄÊµãÂ§±Ë¥•: OpenCV(4.12.0) D:\a\opencv-python\opencv-python\opencv\modules\objdetect\src\cascadedetect.cpp:1689: error: (-215:Assertion failed) !empty() in function 'cv::CascadeClassifier::detectMultiScale'

2025-11-06 17:36:20,435 - ERROR - ‰∫∫ËÑ∏Ê£ÄÊµãÂ§±Ë¥•: OpenCV(4.12.0) D:\a\opencv-python\opencv-python\opencv\modules\objdetect\src\cascadedetect.cpp:1689: error: (-215:Assertion failed) !empty() in function 'cv::CascadeClassifier::detectMultiScale'

2025-11-06 17:36:20,544 - ERROR - ‰∫∫ËÑ∏Ê£ÄÊµãÂ§±Ë¥•: OpenCV(4.12.0) D:\a\opencv-python\opencv-python\opencv\modules\objdetect\src\cascadedetect.cpp:1689: error: (-215:Assertion failed) !empty() in function 'cv::CascadeClassifier::detectMultiScale'

2025-11-06 17:36:20,656 - ERROR - ‰∫∫ËÑ∏Ê£ÄÊµãÂ§±Ë¥•: OpenCV(4.12.0) D:\a\opencv-python\opencv-python\opencv\modules\objdetect\src\cascadedetect.cpp:1689: error: (-215:Assertion failed) !empty() in function 'cv::CascadeClassifier::detectMultiScale'

2025-11-06 17:36:20,762 - ERROR - ‰∫∫ËÑ∏Ê£ÄÊµãÂ§±Ë¥•: OpenCV(4.12.0) D:\a\opencv-python\opencv-python\opencv\modules\objdetect\src\cascadedetect.cpp:1689: error: (-215:Assertion failed) !empty() in function 'cv::CascadeClassifier::detectMultiScale'

2025-11-06 17:36:20,870 - ERROR - ‰∫∫ËÑ∏Ê£ÄÊµãÂ§±Ë¥•: OpenCV(4.12.0) D:\a\opencv-python\opencv-python\opencv\modules\objdetect\src\cascadedetect.cpp:1689: error: (-215:Assertion failed) !empty() in function 'cv::CascadeClassifier::detectMultiScale'

2025-11-06 17:36:20,979 - ERROR - ‰∫∫ËÑ∏Ê£ÄÊµãÂ§±Ë¥•: OpenCV(4.12.0) D:\a\opencv-python\opencv-python\opencv\modules\objdetect\src\cascadedetect.cpp:1689: error: (-215:Assertion failed) !empty() in function 'cv::CascadeClassifier::detectMultiScale'

2025-11-06 17:36:21,088 - ERROR - ‰∫∫ËÑ∏Ê£ÄÊµãÂ§±Ë¥•: OpenCV(4.12.0) D:\a\opencv-python\opencv-python\opencv\modules\objdetect\src\cascadedetect.cpp:1689: error: (-215:Assertion failed) !empty() in function 'cv::CascadeClassifier::detectMultiScale'

2025-11-06 17:36:21,200 - ERROR - ‰∫∫ËÑ∏Ê£ÄÊµãÂ§±Ë¥•: OpenCV(4.12.0) D:\a\opencv-python\opencv-python\opencv\modules\objdetect\src\cascadedetect.cpp:1689: error: (-215:Assertion failed) !empty() in function 'cv::CascadeClassifier::detectMultiScale'

2025-11-06 17:36:21,305 - ERROR - ‰∫∫ËÑ∏Ê£ÄÊµãÂ§±Ë¥•: OpenCV(4.12.0) D:\a\opencv-python\opencv-python\opencv\modules\objdetect\src\cascadedetect.cpp:1689: error: (-215:Assertion failed) !empty() in function 'cv::CascadeClassifier::detectMultiScale'

2025-11-06 17:36:21,413 - ERROR - ‰∫∫ËÑ∏Ê£ÄÊµãÂ§±Ë¥•: OpenCV(4.12.0) D:\a\opencv-python\opencv-python\opencv\modules\objdetect\src\cascadedetect.cpp:1689: error: (-215:Assertion failed) !empty() in function 'cv::CascadeClassifier::detectMultiScale'

2025-11-06 17:36:21,522 - ERROR - ‰∫∫ËÑ∏Ê£ÄÊµãÂ§±Ë¥•: OpenCV(4.12.0) D:\a\opencv-python\opencv-python\opencv\modules\objdetect\src\cascadedetect.cpp:1689: error: (-215:Assertion failed) !empty() in function 'cv::CascadeClassifier::detectMultiScale'

2025-11-06 17:36:21,632 - ERROR - ‰∫∫ËÑ∏Ê£ÄÊµãÂ§±Ë¥•: OpenCV(4.12.0) D:\a\opencv-python\opencv-python\opencv\modules\objdetect\src\cascadedetect.cpp:1689: error: (-215:Assertion failed) !empty() in function 'cv::CascadeClassifier::detectMultiScale'

2025-11-06 17:36:21,742 - ERROR - ‰∫∫ËÑ∏Ê£ÄÊµãÂ§±Ë¥•: OpenCV(4.12.0) D:\a\opencv-python\opencv-python\opencv\modules\objdetect\src\cascadedetect.cpp:1689: error: (-215:Assertion failed) !empty() in function 'cv::CascadeClassifier::detectMultiScale'

2025-11-06 17:36:21,850 - ERROR - ‰∫∫ËÑ∏Ê£ÄÊµãÂ§±Ë¥•: OpenCV(4.12.0) D:\a\opencv-python\opencv-python\opencv\modules\objdetect\src\cascadedetect.cpp:1689: error: (-215:Assertion failed) !empty() in function 'cv::CascadeClassifier::detectMultiScale'

2025-11-06 17:36:21,960 - ERROR - ‰∫∫ËÑ∏Ê£ÄÊµãÂ§±Ë¥•: OpenCV(4.12.0) D:\a\opencv-python\opencv-python\opencv\modules\objdetect\src\cascadedetect.cpp:1689: error: (-215:Assertion failed) !empty() in function 'cv::CascadeClassifier::detectMultiScale'

2025-11-06 17:36:22,070 - ERROR - ‰∫∫ËÑ∏Ê£ÄÊµãÂ§±Ë¥•: OpenCV(4.12.0) D:\a\opencv-python\opencv-python\opencv\modules\objdetect\src\cascadedetect.cpp:1689: error: (-215:Assertion failed) !empty() in function 'cv::CascadeClassifier::detectMultiScale'

2025-11-06 17:36:22,180 - ERROR - ‰∫∫ËÑ∏Ê£ÄÊµãÂ§±Ë¥•: OpenCV(4.12.0) D:\a\opencv-python\opencv-python\opencv\modules\objdetect\src\cascadedetect.cpp:1689: error: (-215:Assertion failed) !empty() in function 'cv::CascadeClassifier::detectMultiScale'

2025-11-06 17:36:22,283 - ERROR - ‰∫∫ËÑ∏Ê£ÄÊµãÂ§±Ë¥•: OpenCV(4.12.0) D:\a\opencv-python\opencv-python\opencv\modules\objdetect\src\cascadedetect.cpp:1689: error: (-215:Assertion failed) !empty() in function 'cv::CascadeClassifier::detectMultiScale'

2025-11-06 17:36:22,394 - ERROR - ‰∫∫ËÑ∏Ê£ÄÊµãÂ§±Ë¥•: OpenCV(4.12.0) D:\a\opencv-python\opencv-python\opencv\modules\objdetect\src\cascadedetect.cpp:1689: error: (-215:Assertion failed) !empty() in function 'cv::CascadeClassifier::detectMultiScale'

2025-11-06 17:36:22,506 - ERROR - ‰∫∫ËÑ∏Ê£ÄÊµãÂ§±Ë¥•: OpenCV(4.12.0) D:\a\opencv-python\opencv-python\opencv\modules\objdetect\src\cascadedetect.cpp:1689: error: (-215:Assertion failed) !empty() in function 'cv::CascadeClassifier::detectMultiScale'

2025-11-06 17:36:22,615 - ERROR - ‰∫∫ËÑ∏Ê£ÄÊµãÂ§±Ë¥•: OpenCV(4.12.0) D:\a\opencv-python\opencv-python\opencv\modules\objdetect\src\cascadedetect.cpp:1689: error: (-215:Assertion failed) !empty() in function 'cv::CascadeClassifier::detectMultiScale'

2025-11-06 17:36:22,723 - ERROR - ‰∫∫ËÑ∏Ê£ÄÊµãÂ§±Ë¥•: OpenCV(4.12.0) D:\a\opencv-python\opencv-python\opencv\modules\objdetect\src\cascadedetect.cpp:1689: error: (-215:Assertion failed) !empty() in function 'cv::CascadeClassifier::detectMultiScale'

2025-11-06 17:36:22,835 - ERROR - ‰∫∫ËÑ∏Ê£ÄÊµãÂ§±Ë¥•: OpenCV(4.12.0) D:\a\opencv-python\opencv-python\opencv\modules\objdetect\src\cascadedetect.cpp:1689: error: (-215:Assertion failed) !empty() in function 'cv::CascadeClassifier::detectMultiScale'

2025-11-06 17:36:22,913 - ERROR - ‰∫∫ËÑ∏Ê£ÄÊµãÂ§±Ë¥•: OpenCV(4.12.0) D:\a\opencv-python\opencv-python\opencv\modules\objdetect\src\cascadedetect.cpp:1689: error: (-215:Assertion failed) !empty() in function 'cv::CascadeClassifier::detectMultiScale'

2025-11-06 17:36:23,002 - ERROR - ‰∫∫ËÑ∏Ê£ÄÊµãÂ§±Ë¥•: OpenCV(4.12.0) D:\a\opencv-python\opencv-python\opencv\modules\objdetect\src\cascadedetect.cpp:1689: error: (-215:Assertion failed) !empty() in function 'cv::CascadeClassifier::detectMultiScale'

2025-11-06 17:36:23,061 - ERROR - ‰∫∫ËÑ∏Ê£ÄÊµãÂ§±Ë¥•: OpenCV(4.12.0) D:\a\opencv-python\opencv-python\opencv\modules\objdetect\src\cascadedetect.cpp:1689: error: (-215:Assertion failed) !empty() in function 'cv::CascadeClassifier::detectMultiScale'

2025-11-06 17:36:23,164 - ERROR - ‰∫∫ËÑ∏Ê£ÄÊµãÂ§±Ë¥•: OpenCV(4.12.0) D:\a\opencv-python\opencv-python\opencv\modules\objdetect\src\cascadedetect.cpp:1689: error: (-215:Assertion failed) !empty() in function 'cv::CascadeClassifier::detectMultiScale'

2025-11-06 17:36:23,271 - ERROR - ‰∫∫ËÑ∏Ê£ÄÊµãÂ§±Ë¥•: OpenCV(4.12.0) D:\a\opencv-python\opencv-python\opencv\modules\objdetect\src\cascadedetect.cpp:1689: error: (-215:Assertion failed) !empty() in function 'cv::CascadeClassifier::detectMultiScale'

2025-11-06 17:36:23,381 - ERROR - ‰∫∫ËÑ∏Ê£ÄÊµãÂ§±Ë¥•: OpenCV(4.12.0) D:\a\opencv-python\opencv-python\opencv\modules\objdetect\src\cascadedetect.cpp:1689: error: (-215:Assertion failed) !empty() in function 'cv::CascadeClassifier::detectMultiScale'

2025-11-06 17:36:23,491 - ERROR - ‰∫∫ËÑ∏Ê£ÄÊµãÂ§±Ë¥•: OpenCV(4.12.0) D:\a\opencv-python\opencv-python\opencv\modules\objdetect\src\cascadedetect.cpp:1689: error: (-215:Assertion failed) !empty() in function 'cv::CascadeClassifier::detectMultiScale'

2025-11-06 17:36:23,601 - ERROR - ‰∫∫ËÑ∏Ê£ÄÊµãÂ§±Ë¥•: OpenCV(4.12.0) D:\a\opencv-python\opencv-python\opencv\modules\objdetect\src\cascadedetect.cpp:1689: error: (-215:Assertion failed) !empty() in function 'cv::CascadeClassifier::detectMultiScale'

2025-11-06 17:36:23,709 - ERROR - ‰∫∫ËÑ∏Ê£ÄÊµãÂ§±Ë¥•: OpenCV(4.12.0) D:\a\opencv-python\opencv-python\opencv\modules\objdetect\src\cascadedetect.cpp:1689: error: (-215:Assertion failed) !empty() in function 'cv::CascadeClassifier::detectMultiScale'

2025-11-06 17:36:23,816 - ERROR - ‰∫∫ËÑ∏Ê£ÄÊµãÂ§±Ë¥•: OpenCV(4.12.0) D:\a\opencv-python\opencv-python\opencv\modules\objdetect\src\cascadedetect.cpp:1689: error: (-215:Assertion failed) !empty() in function 'cv::CascadeClassifier::detectMultiScale'

2025-11-06 17:36:23,924 - ERROR - ‰∫∫ËÑ∏Ê£ÄÊµãÂ§±Ë¥•: OpenCV(4.12.0) D:\a\opencv-python\opencv-python\opencv\modules\objdetect\src\cascadedetect.cpp:1689: error: (-215:Assertion failed) !empty() in function 'cv::CascadeClassifier::detectMultiScale'

2025-11-06 17:36:24,034 - ERROR - ‰∫∫ËÑ∏Ê£ÄÊµãÂ§±Ë¥•: OpenCV(4.12.0) D:\a\opencv-python\opencv-python\opencv\modules\objdetect\src\cascadedetect.cpp:1689: error: (-215:Assertion failed) !empty() in function 'cv::CascadeClassifier::detectMultiScale'

2025-11-06 17:36:24,145 - ERROR - ‰∫∫ËÑ∏Ê£ÄÊµãÂ§±Ë¥•: OpenCV(4.12.0) D:\a\opencv-python\opencv-python\opencv\modules\objdetect\src\cascadedetect.cpp:1689: error: (-215:Assertion failed) !empty() in function 'cv::CascadeClassifier::detectMultiScale'

2025-11-06 17:36:24,252 - ERROR - ‰∫∫ËÑ∏Ê£ÄÊµãÂ§±Ë¥•: OpenCV(4.12.0) D:\a\opencv-python\opencv-python\opencv\modules\objdetect\src\cascadedetect.cpp:1689: error: (-215:Assertion failed) !empty() in function 'cv::CascadeClassifier::detectMultiScale'

2025-11-06 17:36:24,367 - ERROR - ‰∫∫ËÑ∏Ê£ÄÊµãÂ§±Ë¥•: OpenCV(4.12.0) D:\a\opencv-python\opencv-python\opencv\modules\objdetect\src\cascadedetect.cpp:1689: error: (-215:Assertion failed) !empty() in function 'cv::CascadeClassifier::detectMultiScale'

2025-11-06 17:36:24,470 - ERROR - ‰∫∫ËÑ∏Ê£ÄÊµãÂ§±Ë¥•: OpenCV(4.12.0) D:\a\opencv-python\opencv-python\opencv\modules\objdetect\src\cascadedetect.cpp:1689: error: (-215:Assertion failed) !empty() in function 'cv::CascadeClassifier::detectMultiScale'

2025-11-06 17:36:24,581 - ERROR - ‰∫∫ËÑ∏Ê£ÄÊµãÂ§±Ë¥•: OpenCV(4.12.0) D:\a\opencv-python\opencv-python\opencv\modules\objdetect\src\cascadedetect.cpp:1689: error: (-215:Assertion failed) !empty() in function 'cv::CascadeClassifier::detectMultiScale'

2025-11-06 17:36:24,689 - ERROR - ‰∫∫ËÑ∏Ê£ÄÊµãÂ§±Ë¥•: OpenCV(4.12.0) D:\a\opencv-python\opencv-python\opencv\modules\objdetect\src\cascadedetect.cpp:1689: error: (-215:Assertion failed) !empty() in function 'cv::CascadeClassifier::detectMultiScale'

2025-11-06 17:36:24,803 - ERROR - ‰∫∫ËÑ∏Ê£ÄÊµãÂ§±Ë¥•: OpenCV(4.12.0) D:\a\opencv-python\opencv-python\opencv\modules\objdetect\src\cascadedetect.cpp:1689: error: (-215:Assertion failed) !empty() in function 'cv::CascadeClassifier::detectMultiScale'

2025-11-06 17:36:24,906 - ERROR - ‰∫∫ËÑ∏Ê£ÄÊµãÂ§±Ë¥•: OpenCV(4.12.0) D:\a\opencv-python\opencv-python\opencv\modules\objdetect\src\cascadedetect.cpp:1689: error: (-215:Assertion failed) !empty() in function 'cv::CascadeClassifier::detectMultiScale'

2025-11-06 17:36:25,017 - ERROR - ‰∫∫ËÑ∏Ê£ÄÊµãÂ§±Ë¥•: OpenCV(4.12.0) D:\a\opencv-python\opencv-python\opencv\modules\objdetect\src\cascadedetect.cpp:1689: error: (-215:Assertion failed) !empty() in function 'cv::CascadeClassifier::detectMultiScale'

2025-11-06 17:36:25,128 - ERROR - ‰∫∫ËÑ∏Ê£ÄÊµãÂ§±Ë¥•: OpenCV(4.12.0) D:\a\opencv-python\opencv-python\opencv\modules\objdetect\src\cascadedetect.cpp:1689: error: (-215:Assertion failed) !empty() in function 'cv::CascadeClassifier::detectMultiScale'

2025-11-06 17:36:25,237 - ERROR - ‰∫∫ËÑ∏Ê£ÄÊµãÂ§±Ë¥•: OpenCV(4.12.0) D:\a\opencv-python\opencv-python\opencv\modules\objdetect\src\cascadedetect.cpp:1689: error: (-215:Assertion failed) !empty() in function 'cv::CascadeClassifier::detectMultiScale'

2025-11-06 17:36:25,345 - ERROR - ‰∫∫ËÑ∏Ê£ÄÊµãÂ§±Ë¥•: OpenCV(4.12.0) D:\a\opencv-python\opencv-python\opencv\modules\objdetect\src\cascadedetect.cpp:1689: error: (-215:Assertion failed) !empty() in function 'cv::CascadeClassifier::detectMultiScale'

2025-11-06 17:36:25,455 - ERROR - ‰∫∫ËÑ∏Ê£ÄÊµãÂ§±Ë¥•: OpenCV(4.12.0) D:\a\opencv-python\opencv-python\opencv\modules\objdetect\src\cascadedetect.cpp:1689: error: (-215:Assertion failed) !empty() in function 'cv::CascadeClassifier::detectMultiScale'

2025-11-06 17:36:25,574 - ERROR - ‰∫∫ËÑ∏Ê£ÄÊµãÂ§±Ë¥•: OpenCV(4.12.0) D:\a\opencv-python\opencv-python\opencv\modules\objdetect\src\cascadedetect.cpp:1689: error: (-215:Assertion failed) !empty() in function 'cv::CascadeClassifier::detectMultiScale'

2025-11-06 17:36:25,682 - ERROR - ‰∫∫ËÑ∏Ê£ÄÊµãÂ§±Ë¥•: OpenCV(4.12.0) D:\a\opencv-python\opencv-python\opencv\modules\objdetect\src\cascadedetect.cpp:1689: error: (-215:Assertion failed) !empty() in function 'cv::CascadeClassifier::detectMultiScale'

2025-11-06 17:36:25,791 - ERROR - ‰∫∫ËÑ∏Ê£ÄÊµãÂ§±Ë¥•: OpenCV(4.12.0) D:\a\opencv-python\opencv-python\opencv\modules\objdetect\src\cascadedetect.cpp:1689: error: (-215:Assertion failed) !empty() in function 'cv::CascadeClassifier::detectMultiScale'

2025-11-06 17:36:25,901 - ERROR - ‰∫∫ËÑ∏Ê£ÄÊµãÂ§±Ë¥•: OpenCV(4.12.0) D:\a\opencv-python\opencv-python\opencv\modules\objdetect\src\cascadedetect.cpp:1689: error: (-215:Assertion failed) !empty() in function 'cv::CascadeClassifier::detectMultiScale'

2025-11-06 17:36:26,008 - ERROR - ‰∫∫ËÑ∏Ê£ÄÊµãÂ§±Ë¥•: OpenCV(4.12.0) D:\a\opencv-python\opencv-python\opencv\modules\objdetect\src\cascadedetect.cpp:1689: error: (-215:Assertion failed) !empty() in function 'cv::CascadeClassifier::detectMultiScale'

2025-11-06 17:36:26,118 - ERROR - ‰∫∫ËÑ∏Ê£ÄÊµãÂ§±Ë¥•: OpenCV(4.12.0) D:\a\opencv-python\opencv-python\opencv\modules\objdetect\src\cascadedetect.cpp:1689: error: (-215:Assertion failed) !empty() in function 'cv::CascadeClassifier::detectMultiScale'

2025-11-06 17:36:26,226 - ERROR - ‰∫∫ËÑ∏Ê£ÄÊµãÂ§±Ë¥•: OpenCV(4.12.0) D:\a\opencv-python\opencv-python\opencv\modules\objdetect\src\cascadedetect.cpp:1689: error: (-215:Assertion failed) !empty() in function 'cv::CascadeClassifier::detectMultiScale'

2025-11-06 17:36:26,337 - ERROR - ‰∫∫ËÑ∏Ê£ÄÊµãÂ§±Ë¥•: OpenCV(4.12.0) D:\a\opencv-python\opencv-python\opencv\modules\objdetect\src\cascadedetect.cpp:1689: error: (-215:Assertion failed) !empty() in function 'cv::CascadeClassifier::detectMultiScale'

2025-11-06 17:36:26,445 - ERROR - ‰∫∫ËÑ∏Ê£ÄÊµãÂ§±Ë¥•: OpenCV(4.12.0) D:\a\opencv-python\opencv-python\opencv\modules\objdetect\src\cascadedetect.cpp:1689: error: (-215:Assertion failed) !empty() in function 'cv::CascadeClassifier::detectMultiScale'

2025-11-06 17:36:26,554 - ERROR - ‰∫∫ËÑ∏Ê£ÄÊµãÂ§±Ë¥•: OpenCV(4.12.0) D:\a\opencv-python\opencv-python\opencv\modules\objdetect\src\cascadedetect.cpp:1689: error: (-215:Assertion failed) !empty() in function 'cv::CascadeClassifier::detectMultiScale'

2025-11-06 17:36:26,659 - ERROR - ‰∫∫ËÑ∏Ê£ÄÊµãÂ§±Ë¥•: OpenCV(4.12.0) D:\a\opencv-python\opencv-python\opencv\modules\objdetect\src\cascadedetect.cpp:1689: error: (-215:Assertion failed) !empty() in function 'cv::CascadeClassifier::detectMultiScale'

2025-11-06 17:36:26,772 - ERROR - ‰∫∫ËÑ∏Ê£ÄÊµãÂ§±Ë¥•: OpenCV(4.12.0) D:\a\opencv-python\opencv-python\opencv\modules\objdetect\src\cascadedetect.cpp:1689: error: (-215:Assertion failed) !empty() in function 'cv::CascadeClassifier::detectMultiScale'

2025-11-06 17:36:26,881 - ERROR - ‰∫∫ËÑ∏Ê£ÄÊµãÂ§±Ë¥•: OpenCV(4.12.0) D:\a\opencv-python\opencv-python\opencv\modules\objdetect\src\cascadedetect.cpp:1689: error: (-215:Assertion failed) !empty() in function 'cv::CascadeClassifier::detectMultiScale'

2025-11-06 17:36:26,989 - ERROR - ‰∫∫ËÑ∏Ê£ÄÊµãÂ§±Ë¥•: OpenCV(4.12.0) D:\a\opencv-python\opencv-python\opencv\modules\objdetect\src\cascadedetect.cpp:1689: error: (-215:Assertion failed) !empty() in function 'cv::CascadeClassifier::detectMultiScale'

2025-11-06 17:36:27,098 - ERROR - ‰∫∫ËÑ∏Ê£ÄÊµãÂ§±Ë¥•: OpenCV(4.12.0) D:\a\opencv-python\opencv-python\opencv\modules\objdetect\src\cascadedetect.cpp:1689: error: (-215:Assertion failed) !empty() in function 'cv::CascadeClassifier::detectMultiScale'

2025-11-06 17:36:27,198 - INFO - ‰∫∫ËÑ∏Êï∞ÊçÆÂ∫ìÂ∑≤‰øùÂ≠ò
2025-11-06 17:36:27,199 - INFO - üóëÔ∏è ‰∫∫ËÑ∏Êï∞ÊçÆÂ∫ìÂ∑≤Ê∏ÖÁ©∫
2025-11-06 17:36:27,239 - ERROR - ‰∫∫ËÑ∏Ê£ÄÊµãÂ§±Ë¥•: OpenCV(4.12.0) D:\a\opencv-python\opencv-python\opencv\modules\objdetect\src\cascadedetect.cpp:1689: error: (-215:Assertion failed) !empty() in function 'cv::CascadeClassifier::detectMultiScale'

2025-11-06 17:36:27,315 - ERROR - ‰∫∫ËÑ∏Ê£ÄÊµãÂ§±Ë¥•: OpenCV(4.12.0) D:\a\opencv-python\opencv-python\opencv\modules\objdetect\src\cascadedetect.cpp:1689: error: (-215:Assertion failed) !empty() in function 'cv::CascadeClassifier::detectMultiScale'

2025-11-06 17:36:27,427 - ERROR - ‰∫∫ËÑ∏Ê£ÄÊµãÂ§±Ë¥•: OpenCV(4.12.0) D:\a\opencv-python\opencv-python\opencv\modules\objdetect\src\cascadedetect.cpp:1689: error: (-215:Assertion failed) !empty() in function 'cv::CascadeClassifier::detectMultiScale'

2025-11-06 17:36:27,533 - ERROR - ‰∫∫ËÑ∏Ê£ÄÊµãÂ§±Ë¥•: OpenCV(4.12.0) D:\a\opencv-python\opencv-python\opencv\modules\objdetect\src\cascadedetect.cpp:1689: error: (-215:Assertion failed) !empty() in function 'cv::CascadeClassifier::detectMultiScale'

2025-11-06 17:36:27,641 - ERROR - ‰∫∫ËÑ∏Ê£ÄÊµãÂ§±Ë¥•: OpenCV(4.12.0) D:\a\opencv-python\opencv-python\opencv\modules\objdetect\src\cascadedetect.cpp:1689: error: (-215:Assertion failed) !empty() in function 'cv::CascadeClassifier::detectMultiScale'

2025-11-06 17:36:27,753 - ERROR - ‰∫∫ËÑ∏Ê£ÄÊµãÂ§±Ë¥•: OpenCV(4.12.0) D:\a\opencv-python\opencv-python\opencv\modules\objdetect\src\cascadedetect.cpp:1689: error: (-215:Assertion failed) !empty() in function 'cv::CascadeClassifier::detectMultiScale'

2025-11-06 17:36:27,864 - ERROR - ‰∫∫ËÑ∏Ê£ÄÊµãÂ§±Ë¥•: OpenCV(4.12.0) D:\a\opencv-python\opencv-python\opencv\modules\objdetect\src\cascadedetect.cpp:1689: error: (-215:Assertion failed) !empty() in function 'cv::CascadeClassifier::detectMultiScale'

2025-11-06 17:36:27,969 - ERROR - ‰∫∫ËÑ∏Ê£ÄÊµãÂ§±Ë¥•: OpenCV(4.12.0) D:\a\opencv-python\opencv-python\opencv\modules\objdetect\src\cascadedetect.cpp:1689: error: (-215:Assertion failed) !empty() in function 'cv::CascadeClassifier::detectMultiScale'

2025-11-06 17:36:28,083 - ERROR - ‰∫∫ËÑ∏Ê£ÄÊµãÂ§±Ë¥•: OpenCV(4.12.0) D:\a\opencv-python\opencv-python\opencv\modules\objdetect\src\cascadedetect.cpp:1689: error: (-215:Assertion failed) !empty() in function 'cv::CascadeClassifier::detectMultiScale'

2025-11-06 17:36:28,203 - ERROR - ‰∫∫ËÑ∏Ê£ÄÊµãÂ§±Ë¥•: OpenCV(4.12.0) D:\a\opencv-python\opencv-python\opencv\modules\objdetect\src\cascadedetect.cpp:1689: error: (-215:Assertion failed) !empty() in function 'cv::CascadeClassifier::detectMultiScale'

2025-11-06 17:36:28,301 - ERROR - ‰∫∫ËÑ∏Ê£ÄÊµãÂ§±Ë¥•: OpenCV(4.12.0) D:\a\opencv-python\opencv-python\opencv\modules\objdetect\src\cascadedetect.cpp:1689: error: (-215:Assertion failed) !empty() in function 'cv::CascadeClassifier::detectMultiScale'

2025-11-06 17:36:28,420 - ERROR - ‰∫∫ËÑ∏Ê£ÄÊµãÂ§±Ë¥•: OpenCV(4.12.0) D:\a\opencv-python\opencv-python\opencv\modules\objdetect\src\cascadedetect.cpp:1689: error: (-215:Assertion failed) !empty() in function 'cv::CascadeClassifier::detectMultiScale'

2025-11-06 17:36:28,530 - ERROR - ‰∫∫ËÑ∏Ê£ÄÊµãÂ§±Ë¥•: OpenCV(4.12.0) D:\a\opencv-python\opencv-python\opencv\modules\objdetect\src\cascadedetect.cpp:1689: error: (-215:Assertion failed) !empty() in function 'cv::CascadeClassifier::detectMultiScale'

2025-11-06 17:36:28,638 - ERROR - ‰∫∫ËÑ∏Ê£ÄÊµãÂ§±Ë¥•: OpenCV(4.12.0) D:\a\opencv-python\opencv-python\opencv\modules\objdetect\src\cascadedetect.cpp:1689: error: (-215:Assertion failed) !empty() in function 'cv::CascadeClassifier::detectMultiScale'

2025-11-06 17:36:28,739 - ERROR - ‰∫∫ËÑ∏Ê£ÄÊµãÂ§±Ë¥•: OpenCV(4.12.0) D:\a\opencv-python\opencv-python\opencv\modules\objdetect\src\cascadedetect.cpp:1689: error: (-215:Assertion failed) !empty() in function 'cv::CascadeClassifier::detectMultiScale'

2025-11-06 17:36:28,846 - ERROR - ‰∫∫ËÑ∏Ê£ÄÊµãÂ§±Ë¥•: OpenCV(4.12.0) D:\a\opencv-python\opencv-python\opencv\modules\objdetect\src\cascadedetect.cpp:1689: error: (-215:Assertion failed) !empty() in function 'cv::CascadeClassifier::detectMultiScale'

2025-11-06 17:36:28,956 - ERROR - ‰∫∫ËÑ∏Ê£ÄÊµãÂ§±Ë¥•: OpenCV(4.12.0) D:\a\opencv-python\opencv-python\opencv\modules\objdetect\src\cascadedetect.cpp:1689: error: (-215:Assertion failed) !empty() in function 'cv::CascadeClassifier::detectMultiScale'

2025-11-06 17:36:29,068 - ERROR - ‰∫∫ËÑ∏Ê£ÄÊµãÂ§±Ë¥•: OpenCV(4.12.0) D:\a\opencv-python\opencv-python\opencv\modules\objdetect\src\cascadedetect.cpp:1689: error: (-215:Assertion failed) !empty() in function 'cv::CascadeClassifier::detectMultiScale'

2025-11-06 17:36:29,183 - ERROR - ‰∫∫ËÑ∏Ê£ÄÊµãÂ§±Ë¥•: OpenCV(4.12.0) D:\a\opencv-python\opencv-python\opencv\modules\objdetect\src\cascadedetect.cpp:1689: error: (-215:Assertion failed) !empty() in function 'cv::CascadeClassifier::detectMultiScale'

2025-11-06 17:36:29,291 - ERROR - ‰∫∫ËÑ∏Ê£ÄÊµãÂ§±Ë¥•: OpenCV(4.12.0) D:\a\opencv-python\opencv-python\opencv\modules\objdetect\src\cascadedetect.cpp:1689: error: (-215:Assertion failed) !empty() in function 'cv::CascadeClassifier::detectMultiScale'

2025-11-06 17:36:29,403 - ERROR - ‰∫∫ËÑ∏Ê£ÄÊµãÂ§±Ë¥•: OpenCV(4.12.0) D:\a\opencv-python\opencv-python\opencv\modules\objdetect\src\cascadedetect.cpp:1689: error: (-215:Assertion failed) !empty() in function 'cv::CascadeClassifier::detectMultiScale'

2025-11-06 17:36:29,505 - ERROR - ‰∫∫ËÑ∏Ê£ÄÊµãÂ§±Ë¥•: OpenCV(4.12.0) D:\a\opencv-python\opencv-python\opencv\modules\objdetect\src\cascadedetect.cpp:1689: error: (-215:Assertion failed) !empty() in function 'cv::CascadeClassifier::detectMultiScale'

2025-11-06 17:36:29,613 - ERROR - ‰∫∫ËÑ∏Ê£ÄÊµãÂ§±Ë¥•: OpenCV(4.12.0) D:\a\opencv-python\opencv-python\opencv\modules\objdetect\src\cascadedetect.cpp:1689: error: (-215:Assertion failed) !empty() in function 'cv::CascadeClassifier::detectMultiScale'

2025-11-06 17:36:29,730 - ERROR - ‰∫∫ËÑ∏Ê£ÄÊµãÂ§±Ë¥•: OpenCV(4.12.0) D:\a\opencv-python\opencv-python\opencv\modules\objdetect\src\cascadedetect.cpp:1689: error: (-215:Assertion failed) !empty() in function 'cv::CascadeClassifier::detectMultiScale'

2025-11-06 17:36:29,839 - ERROR - ‰∫∫ËÑ∏Ê£ÄÊµãÂ§±Ë¥•: OpenCV(4.12.0) D:\a\opencv-python\opencv-python\opencv\modules\objdetect\src\cascadedetect.cpp:1689: error: (-215:Assertion failed) !empty() in function 'cv::CascadeClassifier::detectMultiScale'

2025-11-06 17:36:29,948 - ERROR - ‰∫∫ËÑ∏Ê£ÄÊµãÂ§±Ë¥•: OpenCV(4.12.0) D:\a\opencv-python\opencv-python\opencv\modules\objdetect\src\cascadedetect.cpp:1689: error: (-215:Assertion failed) !empty() in function 'cv::CascadeClassifier::detectMultiScale'

2025-11-06 17:36:30,063 - ERROR - ‰∫∫ËÑ∏Ê£ÄÊµãÂ§±Ë¥•: OpenCV(4.12.0) D:\a\opencv-python\opencv-python\opencv\modules\objdetect\src\cascadedetect.cpp:1689: error: (-215:Assertion failed) !empty() in function 'cv::CascadeClassifier::detectMultiScale'

2025-11-06 17:36:30,175 - ERROR - ‰∫∫ËÑ∏Ê£ÄÊµãÂ§±Ë¥•: OpenCV(4.12.0) D:\a\opencv-python\opencv-python\opencv\modules\objdetect\src\cascadedetect.cpp:1689: error: (-215:Assertion failed) !empty() in function 'cv::CascadeClassifier::detectMultiScale'

2025-11-06 17:36:30,189 - ERROR - ‰∫∫ËÑ∏Ê£ÄÊµãÂ§±Ë¥•: OpenCV(4.12.0) D:\a\opencv-python\opencv-python\opencv\modules\objdetect\src\cascadedetect.cpp:1689: error: (-215:Assertion failed) !empty() in function 'cv::CascadeClassifier::detectMultiScale'

2025-11-06 17:36:30,278 - ERROR - ‰∫∫ËÑ∏Ê£ÄÊµãÂ§±Ë¥•: OpenCV(4.12.0) D:\a\opencv-python\opencv-python\opencv\modules\objdetect\src\cascadedetect.cpp:1689: error: (-215:Assertion failed) !empty() in function 'cv::CascadeClassifier::detectMultiScale'

2025-11-06 17:36:30,385 - ERROR - ‰∫∫ËÑ∏Ê£ÄÊµãÂ§±Ë¥•: OpenCV(4.12.0) D:\a\opencv-python\opencv-python\opencv\modules\objdetect\src\cascadedetect.cpp:1689: error: (-215:Assertion failed) !empty() in function 'cv::CascadeClassifier::detectMultiScale'

2025-11-06 17:36:30,495 - ERROR - ‰∫∫ËÑ∏Ê£ÄÊµãÂ§±Ë¥•: OpenCV(4.12.0) D:\a\opencv-python\opencv-python\opencv\modules\objdetect\src\cascadedetect.cpp:1689: error: (-215:Assertion failed) !empty() in function 'cv::CascadeClassifier::detectMultiScale'

2025-11-06 17:36:30,602 - ERROR - ‰∫∫ËÑ∏Ê£ÄÊµãÂ§±Ë¥•: OpenCV(4.12.0) D:\a\opencv-python\opencv-python\opencv\modules\objdetect\src\cascadedetect.cpp:1689: error: (-215:Assertion failed) !empty() in function 'cv::CascadeClassifier::detectMultiScale'

2025-11-06 17:36:30,712 - ERROR - ‰∫∫ËÑ∏Ê£ÄÊµãÂ§±Ë¥•: OpenCV(4.12.0) D:\a\opencv-python\opencv-python\opencv\modules\objdetect\src\cascadedetect.cpp:1689: error: (-215:Assertion failed) !empty() in function 'cv::CascadeClassifier::detectMultiScale'

2025-11-06 17:36:30,822 - ERROR - ‰∫∫ËÑ∏Ê£ÄÊµãÂ§±Ë¥•: OpenCV(4.12.0) D:\a\opencv-python\opencv-python\opencv\modules\objdetect\src\cascadedetect.cpp:1689: error: (-215:Assertion failed) !empty() in function 'cv::CascadeClassifier::detectMultiScale'

2025-11-06 17:36:30,933 - ERROR - ‰∫∫ËÑ∏Ê£ÄÊµãÂ§±Ë¥•: OpenCV(4.12.0) D:\a\opencv-python\opencv-python\opencv\modules\objdetect\src\cascadedetect.cpp:1689: error: (-215:Assertion failed) !empty() in function 'cv::CascadeClassifier::detectMultiScale'

2025-11-06 17:36:31,045 - ERROR - ‰∫∫ËÑ∏Ê£ÄÊµãÂ§±Ë¥•: OpenCV(4.12.0) D:\a\opencv-python\opencv-python\opencv\modules\objdetect\src\cascadedetect.cpp:1689: error: (-215:Assertion failed) !empty() in function 'cv::CascadeClassifier::detectMultiScale'

2025-11-06 17:36:31,145 - ERROR - ‰∫∫ËÑ∏Ê£ÄÊµãÂ§±Ë¥•: OpenCV(4.12.0) D:\a\opencv-python\opencv-python\opencv\modules\objdetect\src\cascadedetect.cpp:1689: error: (-215:Assertion failed) !empty() in function 'cv::CascadeClassifier::detectMultiScale'

2025-11-06 17:36:31,253 - ERROR - ‰∫∫ËÑ∏Ê£ÄÊµãÂ§±Ë¥•: OpenCV(4.12.0) D:\a\opencv-python\opencv-python\opencv\modules\objdetect\src\cascadedetect.cpp:1689: error: (-215:Assertion failed) !empty() in function 'cv::CascadeClassifier::detectMultiScale'

2025-11-06 17:36:31,364 - ERROR - ‰∫∫ËÑ∏Ê£ÄÊµãÂ§±Ë¥•: OpenCV(4.12.0) D:\a\opencv-python\opencv-python\opencv\modules\objdetect\src\cascadedetect.cpp:1689: error: (-215:Assertion failed) !empty() in function 'cv::CascadeClassifier::detectMultiScale'

2025-11-06 17:36:31,481 - ERROR - ‰∫∫ËÑ∏Ê£ÄÊµãÂ§±Ë¥•: OpenCV(4.12.0) D:\a\opencv-python\opencv-python\opencv\modules\objdetect\src\cascadedetect.cpp:1689: error: (-215:Assertion failed) !empty() in function 'cv::CascadeClassifier::detectMultiScale'

2025-11-06 17:36:31,583 - ERROR - ‰∫∫ËÑ∏Ê£ÄÊµãÂ§±Ë¥•: OpenCV(4.12.0) D:\a\opencv-python\opencv-python\opencv\modules\objdetect\src\cascadedetect.cpp:1689: error: (-215:Assertion failed) !empty() in function 'cv::CascadeClassifier::detectMultiScale'

2025-11-06 17:36:31,698 - ERROR - ‰∫∫ËÑ∏Ê£ÄÊµãÂ§±Ë¥•: OpenCV(4.12.0) D:\a\opencv-python\opencv-python\opencv\modules\objdetect\src\cascadedetect.cpp:1689: error: (-215:Assertion failed) !empty() in function 'cv::CascadeClassifier::detectMultiScale'

2025-11-06 17:36:31,809 - ERROR - ‰∫∫ËÑ∏Ê£ÄÊµãÂ§±Ë¥•: OpenCV(4.12.0) D:\a\opencv-python\opencv-python\opencv\modules\objdetect\src\cascadedetect.cpp:1689: error: (-215:Assertion failed) !empty() in function 'cv::CascadeClassifier::detectMultiScale'

2025-11-06 17:36:31,917 - ERROR - ‰∫∫ËÑ∏Ê£ÄÊµãÂ§±Ë¥•: OpenCV(4.12.0) D:\a\opencv-python\opencv-python\opencv\modules\objdetect\src\cascadedetect.cpp:1689: error: (-215:Assertion failed) !empty() in function 'cv::CascadeClassifier::detectMultiScale'

2025-11-06 17:36:32,028 - ERROR - ‰∫∫ËÑ∏Ê£ÄÊµãÂ§±Ë¥•: OpenCV(4.12.0) D:\a\opencv-python\opencv-python\opencv\modules\objdetect\src\cascadedetect.cpp:1689: error: (-215:Assertion failed) !empty() in function 'cv::CascadeClassifier::detectMultiScale'

2025-11-06 17:36:32,137 - ERROR - ‰∫∫ËÑ∏Ê£ÄÊµãÂ§±Ë¥•: OpenCV(4.12.0) D:\a\opencv-python\opencv-python\opencv\modules\objdetect\src\cascadedetect.cpp:1689: error: (-215:Assertion failed) !empty() in function 'cv::CascadeClassifier::detectMultiScale'

2025-11-06 17:36:32,240 - ERROR - ‰∫∫ËÑ∏Ê£ÄÊµãÂ§±Ë¥•: OpenCV(4.12.0) D:\a\opencv-python\opencv-python\opencv\modules\objdetect\src\cascadedetect.cpp:1689: error: (-215:Assertion failed) !empty() in function 'cv::CascadeClassifier::detectMultiScale'

2025-11-06 17:36:32,348 - ERROR - ‰∫∫ËÑ∏Ê£ÄÊµãÂ§±Ë¥•: OpenCV(4.12.0) D:\a\opencv-python\opencv-python\opencv\modules\objdetect\src\cascadedetect.cpp:1689: error: (-215:Assertion failed) !empty() in function 'cv::CascadeClassifier::detectMultiScale'

2025-11-06 17:36:32,459 - ERROR - ‰∫∫ËÑ∏Ê£ÄÊµãÂ§±Ë¥•: OpenCV(4.12.0) D:\a\opencv-python\opencv-python\opencv\modules\objdetect\src\cascadedetect.cpp:1689: error: (-215:Assertion failed) !empty() in function 'cv::CascadeClassifier::detectMultiScale'

2025-11-06 17:36:32,569 - ERROR - ‰∫∫ËÑ∏Ê£ÄÊµãÂ§±Ë¥•: OpenCV(4.12.0) D:\a\opencv-python\opencv-python\opencv\modules\objdetect\src\cascadedetect.cpp:1689: error: (-215:Assertion failed) !empty() in function 'cv::CascadeClassifier::detectMultiScale'

2025-11-06 17:36:32,679 - ERROR - ‰∫∫ËÑ∏Ê£ÄÊµãÂ§±Ë¥•: OpenCV(4.12.0) D:\a\opencv-python\opencv-python\opencv\modules\objdetect\src\cascadedetect.cpp:1689: error: (-215:Assertion failed) !empty() in function 'cv::CascadeClassifier::detectMultiScale'

2025-11-06 17:36:32,785 - ERROR - ‰∫∫ËÑ∏Ê£ÄÊµãÂ§±Ë¥•: OpenCV(4.12.0) D:\a\opencv-python\opencv-python\opencv\modules\objdetect\src\cascadedetect.cpp:1689: error: (-215:Assertion failed) !empty() in function 'cv::CascadeClassifier::detectMultiScale'

2025-11-06 17:36:32,895 - ERROR - ‰∫∫ËÑ∏Ê£ÄÊµãÂ§±Ë¥•: OpenCV(4.12.0) D:\a\opencv-python\opencv-python\opencv\modules\objdetect\src\cascadedetect.cpp:1689: error: (-215:Assertion failed) !empty() in function 'cv::CascadeClassifier::detectMultiScale'

2025-11-06 17:36:33,001 - ERROR - ‰∫∫ËÑ∏Ê£ÄÊµãÂ§±Ë¥•: OpenCV(4.12.0) D:\a\opencv-python\opencv-python\opencv\modules\objdetect\src\cascadedetect.cpp:1689: error: (-215:Assertion failed) !empty() in function 'cv::CascadeClassifier::detectMultiScale'

2025-11-06 17:36:33,112 - ERROR - ‰∫∫ËÑ∏Ê£ÄÊµãÂ§±Ë¥•: OpenCV(4.12.0) D:\a\opencv-python\opencv-python\opencv\modules\objdetect\src\cascadedetect.cpp:1689: error: (-215:Assertion failed) !empty() in function 'cv::CascadeClassifier::detectMultiScale'

2025-11-06 17:36:33,219 - ERROR - ‰∫∫ËÑ∏Ê£ÄÊµãÂ§±Ë¥•: OpenCV(4.12.0) D:\a\opencv-python\opencv-python\opencv\modules\objdetect\src\cascadedetect.cpp:1689: error: (-215:Assertion failed) !empty() in function 'cv::CascadeClassifier::detectMultiScale'

2025-11-06 17:36:33,331 - ERROR - ‰∫∫ËÑ∏Ê£ÄÊµãÂ§±Ë¥•: OpenCV(4.12.0) D:\a\opencv-python\opencv-python\opencv\modules\objdetect\src\cascadedetect.cpp:1689: error: (-215:Assertion failed) !empty() in function 'cv::CascadeClassifier::detectMultiScale'

2025-11-06 17:36:33,440 - ERROR - ‰∫∫ËÑ∏Ê£ÄÊµãÂ§±Ë¥•: OpenCV(4.12.0) D:\a\opencv-python\opencv-python\opencv\modules\objdetect\src\cascadedetect.cpp:1689: error: (-215:Assertion failed) !empty() in function 'cv::CascadeClassifier::detectMultiScale'

2025-11-06 17:36:33,549 - ERROR - ‰∫∫ËÑ∏Ê£ÄÊµãÂ§±Ë¥•: OpenCV(4.12.0) D:\a\opencv-python\opencv-python\opencv\modules\objdetect\src\cascadedetect.cpp:1689: error: (-215:Assertion failed) !empty() in function 'cv::CascadeClassifier::detectMultiScale'

2025-11-06 17:36:33,671 - ERROR - ‰∫∫ËÑ∏Ê£ÄÊµãÂ§±Ë¥•: OpenCV(4.12.0) D:\a\opencv-python\opencv-python\opencv\modules\objdetect\src\cascadedetect.cpp:1689: error: (-215:Assertion failed) !empty() in function 'cv::CascadeClassifier::detectMultiScale'

2025-11-06 17:36:33,780 - ERROR - ‰∫∫ËÑ∏Ê£ÄÊµãÂ§±Ë¥•: OpenCV(4.12.0) D:\a\opencv-python\opencv-python\opencv\modules\objdetect\src\cascadedetect.cpp:1689: error: (-215:Assertion failed) !empty() in function 'cv::CascadeClassifier::detectMultiScale'

2025-11-06 17:36:33,889 - ERROR - ‰∫∫ËÑ∏Ê£ÄÊµãÂ§±Ë¥•: OpenCV(4.12.0) D:\a\opencv-python\opencv-python\opencv\modules\objdetect\src\cascadedetect.cpp:1689: error: (-215:Assertion failed) !empty() in function 'cv::CascadeClassifier::detectMultiScale'

2025-11-06 17:36:33,989 - ERROR - ‰∫∫ËÑ∏Ê£ÄÊµãÂ§±Ë¥•: OpenCV(4.12.0) D:\a\opencv-python\opencv-python\opencv\modules\objdetect\src\cascadedetect.cpp:1689: error: (-215:Assertion failed) !empty() in function 'cv::CascadeClassifier::detectMultiScale'

2025-11-06 17:36:34,106 - ERROR - ‰∫∫ËÑ∏Ê£ÄÊµãÂ§±Ë¥•: OpenCV(4.12.0) D:\a\opencv-python\opencv-python\opencv\modules\objdetect\src\cascadedetect.cpp:1689: error: (-215:Assertion failed) !empty() in function 'cv::CascadeClassifier::detectMultiScale'

2025-11-06 17:36:34,208 - ERROR - ‰∫∫ËÑ∏Ê£ÄÊµãÂ§±Ë¥•: OpenCV(4.12.0) D:\a\opencv-python\opencv-python\opencv\modules\objdetect\src\cascadedetect.cpp:1689: error: (-215:Assertion failed) !empty() in function 'cv::CascadeClassifier::detectMultiScale'

2025-11-06 17:36:34,322 - ERROR - ‰∫∫ËÑ∏Ê£ÄÊµãÂ§±Ë¥•: OpenCV(4.12.0) D:\a\opencv-python\opencv-python\opencv\modules\objdetect\src\cascadedetect.cpp:1689: error: (-215:Assertion failed) !empty() in function 'cv::CascadeClassifier::detectMultiScale'

2025-11-06 17:36:34,432 - ERROR - ‰∫∫ËÑ∏Ê£ÄÊµãÂ§±Ë¥•: OpenCV(4.12.0) D:\a\opencv-python\opencv-python\opencv\modules\objdetect\src\cascadedetect.cpp:1689: error: (-215:Assertion failed) !empty() in function 'cv::CascadeClassifier::detectMultiScale'

2025-11-06 17:36:34,540 - ERROR - ‰∫∫ËÑ∏Ê£ÄÊµãÂ§±Ë¥•: OpenCV(4.12.0) D:\a\opencv-python\opencv-python\opencv\modules\objdetect\src\cascadedetect.cpp:1689: error: (-215:Assertion failed) !empty() in function 'cv::CascadeClassifier::detectMultiScale'

2025-11-06 17:36:34,650 - ERROR - ‰∫∫ËÑ∏Ê£ÄÊµãÂ§±Ë¥•: OpenCV(4.12.0) D:\a\opencv-python\opencv-python\opencv\modules\objdetect\src\cascadedetect.cpp:1689: error: (-215:Assertion failed) !empty() in function 'cv::CascadeClassifier::detectMultiScale'

2025-11-06 17:36:34,759 - ERROR - ‰∫∫ËÑ∏Ê£ÄÊµãÂ§±Ë¥•: OpenCV(4.12.0) D:\a\opencv-python\opencv-python\opencv\modules\objdetect\src\cascadedetect.cpp:1689: error: (-215:Assertion failed) !empty() in function 'cv::CascadeClassifier::detectMultiScale'

2025-11-06 17:36:34,868 - ERROR - ‰∫∫ËÑ∏Ê£ÄÊµãÂ§±Ë¥•: OpenCV(4.12.0) D:\a\opencv-python\opencv-python\opencv\modules\objdetect\src\cascadedetect.cpp:1689: error: (-215:Assertion failed) !empty() in function 'cv::CascadeClassifier::detectMultiScale'

2025-11-06 17:36:34,979 - ERROR - ‰∫∫ËÑ∏Ê£ÄÊµãÂ§±Ë¥•: OpenCV(4.12.0) D:\a\opencv-python\opencv-python\opencv\modules\objdetect\src\cascadedetect.cpp:1689: error: (-215:Assertion failed) !empty() in function 'cv::CascadeClassifier::detectMultiScale'

2025-11-06 17:36:35,085 - ERROR - ‰∫∫ËÑ∏Ê£ÄÊµãÂ§±Ë¥•: OpenCV(4.12.0) D:\a\opencv-python\opencv-python\opencv\modules\objdetect\src\cascadedetect.cpp:1689: error: (-215:Assertion failed) !empty() in function 'cv::CascadeClassifier::detectMultiScale'

2025-11-06 17:36:35,195 - ERROR - ‰∫∫ËÑ∏Ê£ÄÊµãÂ§±Ë¥•: OpenCV(4.12.0) D:\a\opencv-python\opencv-python\opencv\modules\objdetect\src\cascadedetect.cpp:1689: error: (-215:Assertion failed) !empty() in function 'cv::CascadeClassifier::detectMultiScale'

2025-11-06 17:36:35,303 - ERROR - ‰∫∫ËÑ∏Ê£ÄÊµãÂ§±Ë¥•: OpenCV(4.12.0) D:\a\opencv-python\opencv-python\opencv\modules\objdetect\src\cascadedetect.cpp:1689: error: (-215:Assertion failed) !empty() in function 'cv::CascadeClassifier::detectMultiScale'

2025-11-06 17:36:35,413 - ERROR - ‰∫∫ËÑ∏Ê£ÄÊµãÂ§±Ë¥•: OpenCV(4.12.0) D:\a\opencv-python\opencv-python\opencv\modules\objdetect\src\cascadedetect.cpp:1689: error: (-215:Assertion failed) !empty() in function 'cv::CascadeClassifier::detectMultiScale'

2025-11-06 17:36:35,520 - ERROR - ‰∫∫ËÑ∏Ê£ÄÊµãÂ§±Ë¥•: OpenCV(4.12.0) D:\a\opencv-python\opencv-python\opencv\modules\objdetect\src\cascadedetect.cpp:1689: error: (-215:Assertion failed) !empty() in function 'cv::CascadeClassifier::detectMultiScale'

2025-11-06 17:36:35,629 - ERROR - ‰∫∫ËÑ∏Ê£ÄÊµãÂ§±Ë¥•: OpenCV(4.12.0) D:\a\opencv-python\opencv-python\opencv\modules\objdetect\src\cascadedetect.cpp:1689: error: (-215:Assertion failed) !empty() in function 'cv::CascadeClassifier::detectMultiScale'

2025-11-06 17:36:35,737 - ERROR - ‰∫∫ËÑ∏Ê£ÄÊµãÂ§±Ë¥•: OpenCV(4.12.0) D:\a\opencv-python\opencv-python\opencv\modules\objdetect\src\cascadedetect.cpp:1689: error: (-215:Assertion failed) !empty() in function 'cv::CascadeClassifier::detectMultiScale'

2025-11-06 17:36:35,846 - ERROR - ‰∫∫ËÑ∏Ê£ÄÊµãÂ§±Ë¥•: OpenCV(4.12.0) D:\a\opencv-python\opencv-python\opencv\modules\objdetect\src\cascadedetect.cpp:1689: error: (-215:Assertion failed) !empty() in function 'cv::CascadeClassifier::detectMultiScale'

2025-11-06 17:36:35,956 - ERROR - ‰∫∫ËÑ∏Ê£ÄÊµãÂ§±Ë¥•: OpenCV(4.12.0) D:\a\opencv-python\opencv-python\opencv\modules\objdetect\src\cascadedetect.cpp:1689: error: (-215:Assertion failed) !empty() in function 'cv::CascadeClassifier::detectMultiScale'

2025-11-06 17:36:36,066 - ERROR - ‰∫∫ËÑ∏Ê£ÄÊµãÂ§±Ë¥•: OpenCV(4.12.0) D:\a\opencv-python\opencv-python\opencv\modules\objdetect\src\cascadedetect.cpp:1689: error: (-215:Assertion failed) !empty() in function 'cv::CascadeClassifier::detectMultiScale'

2025-11-06 17:36:36,175 - ERROR - ‰∫∫ËÑ∏Ê£ÄÊµãÂ§±Ë¥•: OpenCV(4.12.0) D:\a\opencv-python\opencv-python\opencv\modules\objdetect\src\cascadedetect.cpp:1689: error: (-215:Assertion failed) !empty() in function 'cv::CascadeClassifier::detectMultiScale'

2025-11-06 17:36:36,283 - ERROR - ‰∫∫ËÑ∏Ê£ÄÊµãÂ§±Ë¥•: OpenCV(4.12.0) D:\a\opencv-python\opencv-python\opencv\modules\objdetect\src\cascadedetect.cpp:1689: error: (-215:Assertion failed) !empty() in function 'cv::CascadeClassifier::detectMultiScale'

2025-11-06 17:36:36,393 - ERROR - ‰∫∫ËÑ∏Ê£ÄÊµãÂ§±Ë¥•: OpenCV(4.12.0) D:\a\opencv-python\opencv-python\opencv\modules\objdetect\src\cascadedetect.cpp:1689: error: (-215:Assertion failed) !empty() in function 'cv::CascadeClassifier::detectMultiScale'

2025-11-06 17:36:36,500 - ERROR - ‰∫∫ËÑ∏Ê£ÄÊµãÂ§±Ë¥•: OpenCV(4.12.0) D:\a\opencv-python\opencv-python\opencv\modules\objdetect\src\cascadedetect.cpp:1689: error: (-215:Assertion failed) !empty() in function 'cv::CascadeClassifier::detectMultiScale'

2025-11-06 17:36:36,624 - ERROR - ‰∫∫ËÑ∏Ê£ÄÊµãÂ§±Ë¥•: OpenCV(4.12.0) D:\a\opencv-python\opencv-python\opencv\modules\objdetect\src\cascadedetect.cpp:1689: error: (-215:Assertion failed) !empty() in function 'cv::CascadeClassifier::detectMultiScale'

2025-11-06 17:36:36,719 - ERROR - ‰∫∫ËÑ∏Ê£ÄÊµãÂ§±Ë¥•: OpenCV(4.12.0) D:\a\opencv-python\opencv-python\opencv\modules\objdetect\src\cascadedetect.cpp:1689: error: (-215:Assertion failed) !empty() in function 'cv::CascadeClassifier::detectMultiScale'

2025-11-06 17:36:36,847 - ERROR - ‰∫∫ËÑ∏Ê£ÄÊµãÂ§±Ë¥•: OpenCV(4.12.0) D:\a\opencv-python\opencv-python\opencv\modules\objdetect\src\cascadedetect.cpp:1689: error: (-215:Assertion failed) !empty() in function 'cv::CascadeClassifier::detectMultiScale'

2025-11-06 17:36:36,951 - ERROR - ‰∫∫ËÑ∏Ê£ÄÊµãÂ§±Ë¥•: OpenCV(4.12.0) D:\a\opencv-python\opencv-python\opencv\modules\objdetect\src\cascadedetect.cpp:1689: error: (-215:Assertion failed) !empty() in function 'cv::CascadeClassifier::detectMultiScale'

2025-11-06 17:36:37,062 - ERROR - ‰∫∫ËÑ∏Ê£ÄÊµãÂ§±Ë¥•: OpenCV(4.12.0) D:\a\opencv-python\opencv-python\opencv\modules\objdetect\src\cascadedetect.cpp:1689: error: (-215:Assertion failed) !empty() in function 'cv::CascadeClassifier::detectMultiScale'

2025-11-06 17:36:37,171 - ERROR - ‰∫∫ËÑ∏Ê£ÄÊµãÂ§±Ë¥•: OpenCV(4.12.0) D:\a\opencv-python\opencv-python\opencv\modules\objdetect\src\cascadedetect.cpp:1689: error: (-215:Assertion failed) !empty() in function 'cv::CascadeClassifier::detectMultiScale'

2025-11-06 17:36:37,277 - ERROR - ‰∫∫ËÑ∏Ê£ÄÊµãÂ§±Ë¥•: OpenCV(4.12.0) D:\a\opencv-python\opencv-python\opencv\modules\objdetect\src\cascadedetect.cpp:1689: error: (-215:Assertion failed) !empty() in function 'cv::CascadeClassifier::detectMultiScale'

2025-11-06 17:36:37,384 - ERROR - ‰∫∫ËÑ∏Ê£ÄÊµãÂ§±Ë¥•: OpenCV(4.12.0) D:\a\opencv-python\opencv-python\opencv\modules\objdetect\src\cascadedetect.cpp:1689: error: (-215:Assertion failed) !empty() in function 'cv::CascadeClassifier::detectMultiScale'

2025-11-06 17:36:37,493 - ERROR - ‰∫∫ËÑ∏Ê£ÄÊµãÂ§±Ë¥•: OpenCV(4.12.0) D:\a\opencv-python\opencv-python\opencv\modules\objdetect\src\cascadedetect.cpp:1689: error: (-215:Assertion failed) !empty() in function 'cv::CascadeClassifier::detectMultiScale'

2025-11-06 17:36:37,601 - ERROR - ‰∫∫ËÑ∏Ê£ÄÊµãÂ§±Ë¥•: OpenCV(4.12.0) D:\a\opencv-python\opencv-python\opencv\modules\objdetect\src\cascadedetect.cpp:1689: error: (-215:Assertion failed) !empty() in function 'cv::CascadeClassifier::detectMultiScale'

2025-11-06 17:36:37,713 - ERROR - ‰∫∫ËÑ∏Ê£ÄÊµãÂ§±Ë¥•: OpenCV(4.12.0) D:\a\opencv-python\opencv-python\opencv\modules\objdetect\src\cascadedetect.cpp:1689: error: (-215:Assertion failed) !empty() in function 'cv::CascadeClassifier::detectMultiScale'

2025-11-06 17:36:37,818 - ERROR - ‰∫∫ËÑ∏Ê£ÄÊµãÂ§±Ë¥•: OpenCV(4.12.0) D:\a\opencv-python\opencv-python\opencv\modules\objdetect\src\cascadedetect.cpp:1689: error: (-215:Assertion failed) !empty() in function 'cv::CascadeClassifier::detectMultiScale'

2025-11-06 17:36:37,928 - ERROR - ‰∫∫ËÑ∏Ê£ÄÊµãÂ§±Ë¥•: OpenCV(4.12.0) D:\a\opencv-python\opencv-python\opencv\modules\objdetect\src\cascadedetect.cpp:1689: error: (-215:Assertion failed) !empty() in function 'cv::CascadeClassifier::detectMultiScale'

2025-11-06 17:36:38,038 - ERROR - ‰∫∫ËÑ∏Ê£ÄÊµãÂ§±Ë¥•: OpenCV(4.12.0) D:\a\opencv-python\opencv-python\opencv\modules\objdetect\src\cascadedetect.cpp:1689: error: (-215:Assertion failed) !empty() in function 'cv::CascadeClassifier::detectMultiScale'

2025-11-06 17:36:38,147 - ERROR - ‰∫∫ËÑ∏Ê£ÄÊµãÂ§±Ë¥•: OpenCV(4.12.0) D:\a\opencv-python\opencv-python\opencv\modules\objdetect\src\cascadedetect.cpp:1689: error: (-215:Assertion failed) !empty() in function 'cv::CascadeClassifier::detectMultiScale'

2025-11-06 17:36:38,255 - ERROR - ‰∫∫ËÑ∏Ê£ÄÊµãÂ§±Ë¥•: OpenCV(4.12.0) D:\a\opencv-python\opencv-python\opencv\modules\objdetect\src\cascadedetect.cpp:1689: error: (-215:Assertion failed) !empty() in function 'cv::CascadeClassifier::detectMultiScale'

2025-11-06 17:36:38,364 - ERROR - ‰∫∫ËÑ∏Ê£ÄÊµãÂ§±Ë¥•: OpenCV(4.12.0) D:\a\opencv-python\opencv-python\opencv\modules\objdetect\src\cascadedetect.cpp:1689: error: (-215:Assertion failed) !empty() in function 'cv::CascadeClassifier::detectMultiScale'

2025-11-06 17:36:38,474 - ERROR - ‰∫∫ËÑ∏Ê£ÄÊµãÂ§±Ë¥•: OpenCV(4.12.0) D:\a\opencv-python\opencv-python\opencv\modules\objdetect\src\cascadedetect.cpp:1689: error: (-215:Assertion failed) !empty() in function 'cv::CascadeClassifier::detectMultiScale'

2025-11-06 17:36:38,583 - ERROR - ‰∫∫ËÑ∏Ê£ÄÊµãÂ§±Ë¥•: OpenCV(4.12.0) D:\a\opencv-python\opencv-python\opencv\modules\objdetect\src\cascadedetect.cpp:1689: error: (-215:Assertion failed) !empty() in function 'cv::CascadeClassifier::detectMultiScale'

2025-11-06 17:36:38,691 - ERROR - ‰∫∫ËÑ∏Ê£ÄÊµãÂ§±Ë¥•: OpenCV(4.12.0) D:\a\opencv-python\opencv-python\opencv\modules\objdetect\src\cascadedetect.cpp:1689: error: (-215:Assertion failed) !empty() in function 'cv::CascadeClassifier::detectMultiScale'

2025-11-06 17:36:38,803 - ERROR - ‰∫∫ËÑ∏Ê£ÄÊµãÂ§±Ë¥•: OpenCV(4.12.0) D:\a\opencv-python\opencv-python\opencv\modules\objdetect\src\cascadedetect.cpp:1689: error: (-215:Assertion failed) !empty() in function 'cv::CascadeClassifier::detectMultiScale'

2025-11-06 17:36:38,911 - ERROR - ‰∫∫ËÑ∏Ê£ÄÊµãÂ§±Ë¥•: OpenCV(4.12.0) D:\a\opencv-python\opencv-python\opencv\modules\objdetect\src\cascadedetect.cpp:1689: error: (-215:Assertion failed) !empty() in function 'cv::CascadeClassifier::detectMultiScale'

2025-11-06 17:36:39,019 - ERROR - ‰∫∫ËÑ∏Ê£ÄÊµãÂ§±Ë¥•: OpenCV(4.12.0) D:\a\opencv-python\opencv-python\opencv\modules\objdetect\src\cascadedetect.cpp:1689: error: (-215:Assertion failed) !empty() in function 'cv::CascadeClassifier::detectMultiScale'

2025-11-06 17:36:39,127 - ERROR - ‰∫∫ËÑ∏Ê£ÄÊµãÂ§±Ë¥•: OpenCV(4.12.0) D:\a\opencv-python\opencv-python\opencv\modules\objdetect\src\cascadedetect.cpp:1689: error: (-215:Assertion failed) !empty() in function 'cv::CascadeClassifier::detectMultiScale'

2025-11-06 17:36:39,236 - ERROR - ‰∫∫ËÑ∏Ê£ÄÊµãÂ§±Ë¥•: OpenCV(4.12.0) D:\a\opencv-python\opencv-python\opencv\modules\objdetect\src\cascadedetect.cpp:1689: error: (-215:Assertion failed) !empty() in function 'cv::CascadeClassifier::detectMultiScale'

2025-11-06 17:36:39,360 - ERROR - ‰∫∫ËÑ∏Ê£ÄÊµãÂ§±Ë¥•: OpenCV(4.12.0) D:\a\opencv-python\opencv-python\opencv\modules\objdetect\src\cascadedetect.cpp:1689: error: (-215:Assertion failed) !empty() in function 'cv::CascadeClassifier::detectMultiScale'

2025-11-06 17:36:39,483 - ERROR - ‰∫∫ËÑ∏Ê£ÄÊµãÂ§±Ë¥•: OpenCV(4.12.0) D:\a\opencv-python\opencv-python\opencv\modules\objdetect\src\cascadedetect.cpp:1689: error: (-215:Assertion failed) !empty() in function 'cv::CascadeClassifier::detectMultiScale'

2025-11-06 17:36:39,592 - ERROR - ‰∫∫ËÑ∏Ê£ÄÊµãÂ§±Ë¥•: OpenCV(4.12.0) D:\a\opencv-python\opencv-python\opencv\modules\objdetect\src\cascadedetect.cpp:1689: error: (-215:Assertion failed) !empty() in function 'cv::CascadeClassifier::detectMultiScale'

2025-11-06 17:36:39,701 - ERROR - ‰∫∫ËÑ∏Ê£ÄÊµãÂ§±Ë¥•: OpenCV(4.12.0) D:\a\opencv-python\opencv-python\opencv\modules\objdetect\src\cascadedetect.cpp:1689: error: (-215:Assertion failed) !empty() in function 'cv::CascadeClassifier::detectMultiScale'

2025-11-06 17:36:39,809 - ERROR - ‰∫∫ËÑ∏Ê£ÄÊµãÂ§±Ë¥•: OpenCV(4.12.0) D:\a\opencv-python\opencv-python\opencv\modules\objdetect\src\cascadedetect.cpp:1689: error: (-215:Assertion failed) !empty() in function 'cv::CascadeClassifier::detectMultiScale'

2025-11-06 17:36:39,917 - ERROR - ‰∫∫ËÑ∏Ê£ÄÊµãÂ§±Ë¥•: OpenCV(4.12.0) D:\a\opencv-python\opencv-python\opencv\modules\objdetect\src\cascadedetect.cpp:1689: error: (-215:Assertion failed) !empty() in function 'cv::CascadeClassifier::detectMultiScale'

2025-11-06 17:36:40,026 - ERROR - ‰∫∫ËÑ∏Ê£ÄÊµãÂ§±Ë¥•: OpenCV(4.12.0) D:\a\opencv-python\opencv-python\opencv\modules\objdetect\src\cascadedetect.cpp:1689: error: (-215:Assertion failed) !empty() in function 'cv::CascadeClassifier::detectMultiScale'

2025-11-06 17:36:40,134 - ERROR - ‰∫∫ËÑ∏Ê£ÄÊµãÂ§±Ë¥•: OpenCV(4.12.0) D:\a\opencv-python\opencv-python\opencv\modules\objdetect\src\cascadedetect.cpp:1689: error: (-215:Assertion failed) !empty() in function 'cv::CascadeClassifier::detectMultiScale'

2025-11-06 17:36:40,247 - ERROR - ‰∫∫ËÑ∏Ê£ÄÊµãÂ§±Ë¥•: OpenCV(4.12.0) D:\a\opencv-python\opencv-python\opencv\modules\objdetect\src\cascadedetect.cpp:1689: error: (-215:Assertion failed) !empty() in function 'cv::CascadeClassifier::detectMultiScale'

2025-11-06 17:36:40,353 - ERROR - ‰∫∫ËÑ∏Ê£ÄÊµãÂ§±Ë¥•: OpenCV(4.12.0) D:\a\opencv-python\opencv-python\opencv\modules\objdetect\src\cascadedetect.cpp:1689: error: (-215:Assertion failed) !empty() in function 'cv::CascadeClassifier::detectMultiScale'

2025-11-06 17:36:40,463 - ERROR - ‰∫∫ËÑ∏Ê£ÄÊµãÂ§±Ë¥•: OpenCV(4.12.0) D:\a\opencv-python\opencv-python\opencv\modules\objdetect\src\cascadedetect.cpp:1689: error: (-215:Assertion failed) !empty() in function 'cv::CascadeClassifier::detectMultiScale'

2025-11-06 17:36:40,571 - ERROR - ‰∫∫ËÑ∏Ê£ÄÊµãÂ§±Ë¥•: OpenCV(4.12.0) D:\a\opencv-python\opencv-python\opencv\modules\objdetect\src\cascadedetect.cpp:1689: error: (-215:Assertion failed) !empty() in function 'cv::CascadeClassifier::detectMultiScale'

2025-11-06 17:36:40,681 - ERROR - ‰∫∫ËÑ∏Ê£ÄÊµãÂ§±Ë¥•: OpenCV(4.12.0) D:\a\opencv-python\opencv-python\opencv\modules\objdetect\src\cascadedetect.cpp:1689: error: (-215:Assertion failed) !empty() in function 'cv::CascadeClassifier::detectMultiScale'

2025-11-06 17:36:40,789 - ERROR - ‰∫∫ËÑ∏Ê£ÄÊµãÂ§±Ë¥•: OpenCV(4.12.0) D:\a\opencv-python\opencv-python\opencv\modules\objdetect\src\cascadedetect.cpp:1689: error: (-215:Assertion failed) !empty() in function 'cv::CascadeClassifier::detectMultiScale'

2025-11-06 17:36:40,897 - ERROR - ‰∫∫ËÑ∏Ê£ÄÊµãÂ§±Ë¥•: OpenCV(4.12.0) D:\a\opencv-python\opencv-python\opencv\modules\objdetect\src\cascadedetect.cpp:1689: error: (-215:Assertion failed) !empty() in function 'cv::CascadeClassifier::detectMultiScale'

2025-11-06 17:36:41,006 - ERROR - ‰∫∫ËÑ∏Ê£ÄÊµãÂ§±Ë¥•: OpenCV(4.12.0) D:\a\opencv-python\opencv-python\opencv\modules\objdetect\src\cascadedetect.cpp:1689: error: (-215:Assertion failed) !empty() in function 'cv::CascadeClassifier::detectMultiScale'

2025-11-06 17:36:41,114 - ERROR - ‰∫∫ËÑ∏Ê£ÄÊµãÂ§±Ë¥•: OpenCV(4.12.0) D:\a\opencv-python\opencv-python\opencv\modules\objdetect\src\cascadedetect.cpp:1689: error: (-215:Assertion failed) !empty() in function 'cv::CascadeClassifier::detectMultiScale'

2025-11-06 17:36:41,224 - ERROR - ‰∫∫ËÑ∏Ê£ÄÊµãÂ§±Ë¥•: OpenCV(4.12.0) D:\a\opencv-python\opencv-python\opencv\modules\objdetect\src\cascadedetect.cpp:1689: error: (-215:Assertion failed) !empty() in function 'cv::CascadeClassifier::detectMultiScale'

2025-11-06 17:36:41,330 - ERROR - ‰∫∫ËÑ∏Ê£ÄÊµãÂ§±Ë¥•: OpenCV(4.12.0) D:\a\opencv-python\opencv-python\opencv\modules\objdetect\src\cascadedetect.cpp:1689: error: (-215:Assertion failed) !empty() in function 'cv::CascadeClassifier::detectMultiScale'

2025-11-06 17:36:41,440 - ERROR - ‰∫∫ËÑ∏Ê£ÄÊµãÂ§±Ë¥•: OpenCV(4.12.0) D:\a\opencv-python\opencv-python\opencv\modules\objdetect\src\cascadedetect.cpp:1689: error: (-215:Assertion failed) !empty() in function 'cv::CascadeClassifier::detectMultiScale'

2025-11-06 17:36:41,549 - ERROR - ‰∫∫ËÑ∏Ê£ÄÊµãÂ§±Ë¥•: OpenCV(4.12.0) D:\a\opencv-python\opencv-python\opencv\modules\objdetect\src\cascadedetect.cpp:1689: error: (-215:Assertion failed) !empty() in function 'cv::CascadeClassifier::detectMultiScale'

2025-11-06 17:36:41,660 - ERROR - ‰∫∫ËÑ∏Ê£ÄÊµãÂ§±Ë¥•: OpenCV(4.12.0) D:\a\opencv-python\opencv-python\opencv\modules\objdetect\src\cascadedetect.cpp:1689: error: (-215:Assertion failed) !empty() in function 'cv::CascadeClassifier::detectMultiScale'

2025-11-06 17:36:41,769 - ERROR - ‰∫∫ËÑ∏Ê£ÄÊµãÂ§±Ë¥•: OpenCV(4.12.0) D:\a\opencv-python\opencv-python\opencv\modules\objdetect\src\cascadedetect.cpp:1689: error: (-215:Assertion failed) !empty() in function 'cv::CascadeClassifier::detectMultiScale'

2025-11-06 17:36:41,882 - ERROR - ‰∫∫ËÑ∏Ê£ÄÊµãÂ§±Ë¥•: OpenCV(4.12.0) D:\a\opencv-python\opencv-python\opencv\modules\objdetect\src\cascadedetect.cpp:1689: error: (-215:Assertion failed) !empty() in function 'cv::CascadeClassifier::detectMultiScale'

2025-11-06 17:36:41,988 - ERROR - ‰∫∫ËÑ∏Ê£ÄÊµãÂ§±Ë¥•: OpenCV(4.12.0) D:\a\opencv-python\opencv-python\opencv\modules\objdetect\src\cascadedetect.cpp:1689: error: (-215:Assertion failed) !empty() in function 'cv::CascadeClassifier::detectMultiScale'

2025-11-06 17:36:42,099 - ERROR - ‰∫∫ËÑ∏Ê£ÄÊµãÂ§±Ë¥•: OpenCV(4.12.0) D:\a\opencv-python\opencv-python\opencv\modules\objdetect\src\cascadedetect.cpp:1689: error: (-215:Assertion failed) !empty() in function 'cv::CascadeClassifier::detectMultiScale'

2025-11-06 17:36:42,207 - ERROR - ‰∫∫ËÑ∏Ê£ÄÊµãÂ§±Ë¥•: OpenCV(4.12.0) D:\a\opencv-python\opencv-python\opencv\modules\objdetect\src\cascadedetect.cpp:1689: error: (-215:Assertion failed) !empty() in function 'cv::CascadeClassifier::detectMultiScale'

2025-11-06 17:36:42,315 - ERROR - ‰∫∫ËÑ∏Ê£ÄÊµãÂ§±Ë¥•: OpenCV(4.12.0) D:\a\opencv-python\opencv-python\opencv\modules\objdetect\src\cascadedetect.cpp:1689: error: (-215:Assertion failed) !empty() in function 'cv::CascadeClassifier::detectMultiScale'

2025-11-06 17:36:42,424 - ERROR - ‰∫∫ËÑ∏Ê£ÄÊµãÂ§±Ë¥•: OpenCV(4.12.0) D:\a\opencv-python\opencv-python\opencv\modules\objdetect\src\cascadedetect.cpp:1689: error: (-215:Assertion failed) !empty() in function 'cv::CascadeClassifier::detectMultiScale'

2025-11-06 17:36:42,532 - ERROR - ‰∫∫ËÑ∏Ê£ÄÊµãÂ§±Ë¥•: OpenCV(4.12.0) D:\a\opencv-python\opencv-python\opencv\modules\objdetect\src\cascadedetect.cpp:1689: error: (-215:Assertion failed) !empty() in function 'cv::CascadeClassifier::detectMultiScale'

2025-11-06 17:36:42,642 - ERROR - ‰∫∫ËÑ∏Ê£ÄÊµãÂ§±Ë¥•: OpenCV(4.12.0) D:\a\opencv-python\opencv-python\opencv\modules\objdetect\src\cascadedetect.cpp:1689: error: (-215:Assertion failed) !empty() in function 'cv::CascadeClassifier::detectMultiScale'

2025-11-06 17:36:42,753 - ERROR - ‰∫∫ËÑ∏Ê£ÄÊµãÂ§±Ë¥•: OpenCV(4.12.0) D:\a\opencv-python\opencv-python\opencv\modules\objdetect\src\cascadedetect.cpp:1689: error: (-215:Assertion failed) !empty() in function 'cv::CascadeClassifier::detectMultiScale'

2025-11-06 17:36:42,862 - ERROR - ‰∫∫ËÑ∏Ê£ÄÊµãÂ§±Ë¥•: OpenCV(4.12.0) D:\a\opencv-python\opencv-python\opencv\modules\objdetect\src\cascadedetect.cpp:1689: error: (-215:Assertion failed) !empty() in function 'cv::CascadeClassifier::detectMultiScale'

2025-11-06 17:36:42,972 - ERROR - ‰∫∫ËÑ∏Ê£ÄÊµãÂ§±Ë¥•: OpenCV(4.12.0) D:\a\opencv-python\opencv-python\opencv\modules\objdetect\src\cascadedetect.cpp:1689: error: (-215:Assertion failed) !empty() in function 'cv::CascadeClassifier::detectMultiScale'

2025-11-06 17:36:43,081 - ERROR - ‰∫∫ËÑ∏Ê£ÄÊµãÂ§±Ë¥•: OpenCV(4.12.0) D:\a\opencv-python\opencv-python\opencv\modules\objdetect\src\cascadedetect.cpp:1689: error: (-215:Assertion failed) !empty() in function 'cv::CascadeClassifier::detectMultiScale'

2025-11-06 17:36:43,188 - ERROR - ‰∫∫ËÑ∏Ê£ÄÊµãÂ§±Ë¥•: OpenCV(4.12.0) D:\a\opencv-python\opencv-python\opencv\modules\objdetect\src\cascadedetect.cpp:1689: error: (-215:Assertion failed) !empty() in function 'cv::CascadeClassifier::detectMultiScale'

2025-11-06 17:36:43,299 - ERROR - ‰∫∫ËÑ∏Ê£ÄÊµãÂ§±Ë¥•: OpenCV(4.12.0) D:\a\opencv-python\opencv-python\opencv\modules\objdetect\src\cascadedetect.cpp:1689: error: (-215:Assertion failed) !empty() in function 'cv::CascadeClassifier::detectMultiScale'

2025-11-06 17:36:43,421 - ERROR - ‰∫∫ËÑ∏Ê£ÄÊµãÂ§±Ë¥•: OpenCV(4.12.0) D:\a\opencv-python\opencv-python\opencv\modules\objdetect\src\cascadedetect.cpp:1689: error: (-215:Assertion failed) !empty() in function 'cv::CascadeClassifier::detectMultiScale'

2025-11-06 17:36:43,530 - ERROR - ‰∫∫ËÑ∏Ê£ÄÊµãÂ§±Ë¥•: OpenCV(4.12.0) D:\a\opencv-python\opencv-python\opencv\modules\objdetect\src\cascadedetect.cpp:1689: error: (-215:Assertion failed) !empty() in function 'cv::CascadeClassifier::detectMultiScale'

2025-11-06 17:36:43,640 - ERROR - ‰∫∫ËÑ∏Ê£ÄÊµãÂ§±Ë¥•: OpenCV(4.12.0) D:\a\opencv-python\opencv-python\opencv\modules\objdetect\src\cascadedetect.cpp:1689: error: (-215:Assertion failed) !empty() in function 'cv::CascadeClassifier::detectMultiScale'

2025-11-06 17:36:43,747 - ERROR - ‰∫∫ËÑ∏Ê£ÄÊµãÂ§±Ë¥•: OpenCV(4.12.0) D:\a\opencv-python\opencv-python\opencv\modules\objdetect\src\cascadedetect.cpp:1689: error: (-215:Assertion failed) !empty() in function 'cv::CascadeClassifier::detectMultiScale'

2025-11-06 17:36:43,856 - ERROR - ‰∫∫ËÑ∏Ê£ÄÊµãÂ§±Ë¥•: OpenCV(4.12.0) D:\a\opencv-python\opencv-python\opencv\modules\objdetect\src\cascadedetect.cpp:1689: error: (-215:Assertion failed) !empty() in function 'cv::CascadeClassifier::detectMultiScale'

2025-11-06 17:36:43,965 - ERROR - ‰∫∫ËÑ∏Ê£ÄÊµãÂ§±Ë¥•: OpenCV(4.12.0) D:\a\opencv-python\opencv-python\opencv\modules\objdetect\src\cascadedetect.cpp:1689: error: (-215:Assertion failed) !empty() in function 'cv::CascadeClassifier::detectMultiScale'

2025-11-06 17:36:44,074 - ERROR - ‰∫∫ËÑ∏Ê£ÄÊµãÂ§±Ë¥•: OpenCV(4.12.0) D:\a\opencv-python\opencv-python\opencv\modules\objdetect\src\cascadedetect.cpp:1689: error: (-215:Assertion failed) !empty() in function 'cv::CascadeClassifier::detectMultiScale'

2025-11-06 17:36:44,182 - ERROR - ‰∫∫ËÑ∏Ê£ÄÊµãÂ§±Ë¥•: OpenCV(4.12.0) D:\a\opencv-python\opencv-python\opencv\modules\objdetect\src\cascadedetect.cpp:1689: error: (-215:Assertion failed) !empty() in function 'cv::CascadeClassifier::detectMultiScale'

2025-11-06 17:36:44,291 - ERROR - ‰∫∫ËÑ∏Ê£ÄÊµãÂ§±Ë¥•: OpenCV(4.12.0) D:\a\opencv-python\opencv-python\opencv\modules\objdetect\src\cascadedetect.cpp:1689: error: (-215:Assertion failed) !empty() in function 'cv::CascadeClassifier::detectMultiScale'

2025-11-06 17:36:44,395 - ERROR - ‰∫∫ËÑ∏Ê£ÄÊµãÂ§±Ë¥•: OpenCV(4.12.0) D:\a\opencv-python\opencv-python\opencv\modules\objdetect\src\cascadedetect.cpp:1689: error: (-215:Assertion failed) !empty() in function 'cv::CascadeClassifier::detectMultiScale'

2025-11-06 17:36:44,505 - ERROR - ‰∫∫ËÑ∏Ê£ÄÊµãÂ§±Ë¥•: OpenCV(4.12.0) D:\a\opencv-python\opencv-python\opencv\modules\objdetect\src\cascadedetect.cpp:1689: error: (-215:Assertion failed) !empty() in function 'cv::CascadeClassifier::detectMultiScale'

2025-11-06 17:36:44,613 - ERROR - ‰∫∫ËÑ∏Ê£ÄÊµãÂ§±Ë¥•: OpenCV(4.12.0) D:\a\opencv-python\opencv-python\opencv\modules\objdetect\src\cascadedetect.cpp:1689: error: (-215:Assertion failed) !empty() in function 'cv::CascadeClassifier::detectMultiScale'

2025-11-06 17:36:44,724 - ERROR - ‰∫∫ËÑ∏Ê£ÄÊµãÂ§±Ë¥•: OpenCV(4.12.0) D:\a\opencv-python\opencv-python\opencv\modules\objdetect\src\cascadedetect.cpp:1689: error: (-215:Assertion failed) !empty() in function 'cv::CascadeClassifier::detectMultiScale'

2025-11-06 17:36:44,832 - ERROR - ‰∫∫ËÑ∏Ê£ÄÊµãÂ§±Ë¥•: OpenCV(4.12.0) D:\a\opencv-python\opencv-python\opencv\modules\objdetect\src\cascadedetect.cpp:1689: error: (-215:Assertion failed) !empty() in function 'cv::CascadeClassifier::detectMultiScale'

2025-11-06 17:36:44,947 - ERROR - ‰∫∫ËÑ∏Ê£ÄÊµãÂ§±Ë¥•: OpenCV(4.12.0) D:\a\opencv-python\opencv-python\opencv\modules\objdetect\src\cascadedetect.cpp:1689: error: (-215:Assertion failed) !empty() in function 'cv::CascadeClassifier::detectMultiScale'

2025-11-06 17:36:45,052 - ERROR - ‰∫∫ËÑ∏Ê£ÄÊµãÂ§±Ë¥•: OpenCV(4.12.0) D:\a\opencv-python\opencv-python\opencv\modules\objdetect\src\cascadedetect.cpp:1689: error: (-215:Assertion failed) !empty() in function 'cv::CascadeClassifier::detectMultiScale'

2025-11-06 17:36:45,161 - ERROR - ‰∫∫ËÑ∏Ê£ÄÊµãÂ§±Ë¥•: OpenCV(4.12.0) D:\a\opencv-python\opencv-python\opencv\modules\objdetect\src\cascadedetect.cpp:1689: error: (-215:Assertion failed) !empty() in function 'cv::CascadeClassifier::detectMultiScale'

2025-11-06 17:36:45,270 - ERROR - ‰∫∫ËÑ∏Ê£ÄÊµãÂ§±Ë¥•: OpenCV(4.12.0) D:\a\opencv-python\opencv-python\opencv\modules\objdetect\src\cascadedetect.cpp:1689: error: (-215:Assertion failed) !empty() in function 'cv::CascadeClassifier::detectMultiScale'

2025-11-06 17:36:45,380 - ERROR - ‰∫∫ËÑ∏Ê£ÄÊµãÂ§±Ë¥•: OpenCV(4.12.0) D:\a\opencv-python\opencv-python\opencv\modules\objdetect\src\cascadedetect.cpp:1689: error: (-215:Assertion failed) !empty() in function 'cv::CascadeClassifier::detectMultiScale'

2025-11-06 17:36:45,491 - ERROR - ‰∫∫ËÑ∏Ê£ÄÊµãÂ§±Ë¥•: OpenCV(4.12.0) D:\a\opencv-python\opencv-python\opencv\modules\objdetect\src\cascadedetect.cpp:1689: error: (-215:Assertion failed) !empty() in function 'cv::CascadeClassifier::detectMultiScale'

2025-11-06 17:36:45,602 - ERROR - ‰∫∫ËÑ∏Ê£ÄÊµãÂ§±Ë¥•: OpenCV(4.12.0) D:\a\opencv-python\opencv-python\opencv\modules\objdetect\src\cascadedetect.cpp:1689: error: (-215:Assertion failed) !empty() in function 'cv::CascadeClassifier::detectMultiScale'

2025-11-06 17:36:45,631 - INFO - üîß ËØÜÂà´ÈòàÂÄºË∞ÉÊï¥‰∏∫: 0.1
2025-11-06 17:36:45,710 - ERROR - ‰∫∫ËÑ∏Ê£ÄÊµãÂ§±Ë¥•: OpenCV(4.12.0) D:\a\opencv-python\opencv-python\opencv\modules\objdetect\src\cascadedetect.cpp:1689: error: (-215:Assertion failed) !empty() in function 'cv::CascadeClassifier::detectMultiScale'

2025-11-06 17:36:45,819 - ERROR - ‰∫∫ËÑ∏Ê£ÄÊµãÂ§±Ë¥•: OpenCV(4.12.0) D:\a\opencv-python\opencv-python\opencv\modules\objdetect\src\cascadedetect.cpp:1689: error: (-215:Assertion failed) !empty() in function 'cv::CascadeClassifier::detectMultiScale'

2025-11-06 17:36:45,928 - ERROR - ‰∫∫ËÑ∏Ê£ÄÊµãÂ§±Ë¥•: OpenCV(4.12.0) D:\a\opencv-python\opencv-python\opencv\modules\objdetect\src\cascadedetect.cpp:1689: error: (-215:Assertion failed) !empty() in function 'cv::CascadeClassifier::detectMultiScale'

2025-11-06 17:36:46,036 - ERROR - ‰∫∫ËÑ∏Ê£ÄÊµãÂ§±Ë¥•: OpenCV(4.12.0) D:\a\opencv-python\opencv-python\opencv\modules\objdetect\src\cascadedetect.cpp:1689: error: (-215:Assertion failed) !empty() in function 'cv::CascadeClassifier::detectMultiScale'

2025-11-06 17:36:46,129 - INFO - üîß ËØÜÂà´ÈòàÂÄºË∞ÉÊï¥‰∏∫: 0.5
2025-11-06 17:36:46,146 - ERROR - ‰∫∫ËÑ∏Ê£ÄÊµãÂ§±Ë¥•: OpenCV(4.12.0) D:\a\opencv-python\opencv-python\opencv\modules\objdetect\src\cascadedetect.cpp:1689: error: (-215:Assertion failed) !empty() in function 'cv::CascadeClassifier::detectMultiScale'

2025-11-06 17:36:46,255 - ERROR - ‰∫∫ËÑ∏Ê£ÄÊµãÂ§±Ë¥•: OpenCV(4.12.0) D:\a\opencv-python\opencv-python\opencv\modules\objdetect\src\cascadedetect.cpp:1689: error: (-215:Assertion failed) !empty() in function 'cv::CascadeClassifier::detectMultiScale'

2025-11-06 17:36:46,365 - ERROR - ‰∫∫ËÑ∏Ê£ÄÊµãÂ§±Ë¥•: OpenCV(4.12.0) D:\a\opencv-python\opencv-python\opencv\modules\objdetect\src\cascadedetect.cpp:1689: error: (-215:Assertion failed) !empty() in function 'cv::CascadeClassifier::detectMultiScale'

2025-11-06 17:36:46,371 - INFO - üîß ËØÜÂà´ÈòàÂÄºË∞ÉÊï¥‰∏∫: 1.0
2025-11-06 17:36:46,477 - ERROR - ‰∫∫ËÑ∏Ê£ÄÊµãÂ§±Ë¥•: OpenCV(4.12.0) D:\a\opencv-python\opencv-python\opencv\modules\objdetect\src\cascadedetect.cpp:1689: error: (-215:Assertion failed) !empty() in function 'cv::CascadeClassifier::detectMultiScale'

2025-11-06 17:36:46,583 - ERROR - ‰∫∫ËÑ∏Ê£ÄÊµãÂ§±Ë¥•: OpenCV(4.12.0) D:\a\opencv-python\opencv-python\opencv\modules\objdetect\src\cascadedetect.cpp:1689: error: (-215:Assertion failed) !empty() in function 'cv::CascadeClassifier::detectMultiScale'

2025-11-06 17:36:46,692 - ERROR - ‰∫∫ËÑ∏Ê£ÄÊµãÂ§±Ë¥•: OpenCV(4.12.0) D:\a\opencv-python\opencv-python\opencv\modules\objdetect\src\cascadedetect.cpp:1689: error: (-215:Assertion failed) !empty() in function 'cv::CascadeClassifier::detectMultiScale'

2025-11-06 17:36:46,800 - ERROR - ‰∫∫ËÑ∏Ê£ÄÊµãÂ§±Ë¥•: OpenCV(4.12.0) D:\a\opencv-python\opencv-python\opencv\modules\objdetect\src\cascadedetect.cpp:1689: error: (-215:Assertion failed) !empty() in function 'cv::CascadeClassifier::detectMultiScale'

2025-11-06 17:36:46,909 - ERROR - ‰∫∫ËÑ∏Ê£ÄÊµãÂ§±Ë¥•: OpenCV(4.12.0) D:\a\opencv-python\opencv-python\opencv\modules\objdetect\src\cascadedetect.cpp:1689: error: (-215:Assertion failed) !empty() in function 'cv::CascadeClassifier::detectMultiScale'

2025-11-06 17:36:47,017 - ERROR - ‰∫∫ËÑ∏Ê£ÄÊµãÂ§±Ë¥•: OpenCV(4.12.0) D:\a\opencv-python\opencv-python\opencv\modules\objdetect\src\cascadedetect.cpp:1689: error: (-215:Assertion failed) !empty() in function 'cv::CascadeClassifier::detectMultiScale'

2025-11-06 17:36:47,142 - ERROR - ‰∫∫ËÑ∏Ê£ÄÊµãÂ§±Ë¥•: OpenCV(4.12.0) D:\a\opencv-python\opencv-python\opencv\modules\objdetect\src\cascadedetect.cpp:1689: error: (-215:Assertion failed) !empty() in function 'cv::CascadeClassifier::detectMultiScale'

2025-11-06 17:36:47,250 - ERROR - ‰∫∫ËÑ∏Ê£ÄÊµãÂ§±Ë¥•: OpenCV(4.12.0) D:\a\opencv-python\opencv-python\opencv\modules\objdetect\src\cascadedetect.cpp:1689: error: (-215:Assertion failed) !empty() in function 'cv::CascadeClassifier::detectMultiScale'

2025-11-06 17:36:47,360 - ERROR - ‰∫∫ËÑ∏Ê£ÄÊµãÂ§±Ë¥•: OpenCV(4.12.0) D:\a\opencv-python\opencv-python\opencv\modules\objdetect\src\cascadedetect.cpp:1689: error: (-215:Assertion failed) !empty() in function 'cv::CascadeClassifier::detectMultiScale'

2025-11-06 17:36:47,485 - ERROR - ‰∫∫ËÑ∏Ê£ÄÊµãÂ§±Ë¥•: OpenCV(4.12.0) D:\a\opencv-python\opencv-python\opencv\modules\objdetect\src\cascadedetect.cpp:1689: error: (-215:Assertion failed) !empty() in function 'cv::CascadeClassifier::detectMultiScale'

2025-11-06 17:36:47,596 - ERROR - ‰∫∫ËÑ∏Ê£ÄÊµãÂ§±Ë¥•: OpenCV(4.12.0) D:\a\opencv-python\opencv-python\opencv\modules\objdetect\src\cascadedetect.cpp:1689: error: (-215:Assertion failed) !empty() in function 'cv::CascadeClassifier::detectMultiScale'

2025-11-06 17:36:47,705 - ERROR - ‰∫∫ËÑ∏Ê£ÄÊµãÂ§±Ë¥•: OpenCV(4.12.0) D:\a\opencv-python\opencv-python\opencv\modules\objdetect\src\cascadedetect.cpp:1689: error: (-215:Assertion failed) !empty() in function 'cv::CascadeClassifier::detectMultiScale'

2025-11-06 17:36:47,828 - ERROR - ‰∫∫ËÑ∏Ê£ÄÊµãÂ§±Ë¥•: OpenCV(4.12.0) D:\a\opencv-python\opencv-python\opencv\modules\objdetect\src\cascadedetect.cpp:1689: error: (-215:Assertion failed) !empty() in function 'cv::CascadeClassifier::detectMultiScale'

2025-11-06 17:36:47,938 - ERROR - ‰∫∫ËÑ∏Ê£ÄÊµãÂ§±Ë¥•: OpenCV(4.12.0) D:\a\opencv-python\opencv-python\opencv\modules\objdetect\src\cascadedetect.cpp:1689: error: (-215:Assertion failed) !empty() in function 'cv::CascadeClassifier::detectMultiScale'

2025-11-06 17:36:48,049 - ERROR - ‰∫∫ËÑ∏Ê£ÄÊµãÂ§±Ë¥•: OpenCV(4.12.0) D:\a\opencv-python\opencv-python\opencv\modules\objdetect\src\cascadedetect.cpp:1689: error: (-215:Assertion failed) !empty() in function 'cv::CascadeClassifier::detectMultiScale'

2025-11-06 17:36:48,171 - ERROR - ‰∫∫ËÑ∏Ê£ÄÊµãÂ§±Ë¥•: OpenCV(4.12.0) D:\a\opencv-python\opencv-python\opencv\modules\objdetect\src\cascadedetect.cpp:1689: error: (-215:Assertion failed) !empty() in function 'cv::CascadeClassifier::detectMultiScale'

2025-11-06 17:36:48,279 - ERROR - ‰∫∫ËÑ∏Ê£ÄÊµãÂ§±Ë¥•: OpenCV(4.12.0) D:\a\opencv-python\opencv-python\opencv\modules\objdetect\src\cascadedetect.cpp:1689: error: (-215:Assertion failed) !empty() in function 'cv::CascadeClassifier::detectMultiScale'

2025-11-06 17:36:48,375 - ERROR - ‰∫∫ËÑ∏Ê£ÄÊµãÂ§±Ë¥•: OpenCV(4.12.0) D:\a\opencv-python\opencv-python\opencv\modules\objdetect\src\cascadedetect.cpp:1689: error: (-215:Assertion failed) !empty() in function 'cv::CascadeClassifier::detectMultiScale'

2025-11-06 17:36:48,484 - ERROR - ‰∫∫ËÑ∏Ê£ÄÊµãÂ§±Ë¥•: OpenCV(4.12.0) D:\a\opencv-python\opencv-python\opencv\modules\objdetect\src\cascadedetect.cpp:1689: error: (-215:Assertion failed) !empty() in function 'cv::CascadeClassifier::detectMultiScale'

2025-11-06 17:36:48,594 - ERROR - ‰∫∫ËÑ∏Ê£ÄÊµãÂ§±Ë¥•: OpenCV(4.12.0) D:\a\opencv-python\opencv-python\opencv\modules\objdetect\src\cascadedetect.cpp:1689: error: (-215:Assertion failed) !empty() in function 'cv::CascadeClassifier::detectMultiScale'

2025-11-06 17:36:48,704 - ERROR - ‰∫∫ËÑ∏Ê£ÄÊµãÂ§±Ë¥•: OpenCV(4.12.0) D:\a\opencv-python\opencv-python\opencv\modules\objdetect\src\cascadedetect.cpp:1689: error: (-215:Assertion failed) !empty() in function 'cv::CascadeClassifier::detectMultiScale'

2025-11-06 17:36:48,813 - ERROR - ‰∫∫ËÑ∏Ê£ÄÊµãÂ§±Ë¥•: OpenCV(4.12.0) D:\a\opencv-python\opencv-python\opencv\modules\objdetect\src\cascadedetect.cpp:1689: error: (-215:Assertion failed) !empty() in function 'cv::CascadeClassifier::detectMultiScale'

2025-11-06 17:36:48,933 - ERROR - ‰∫∫ËÑ∏Ê£ÄÊµãÂ§±Ë¥•: OpenCV(4.12.0) D:\a\opencv-python\opencv-python\opencv\modules\objdetect\src\cascadedetect.cpp:1689: error: (-215:Assertion failed) !empty() in function 'cv::CascadeClassifier::detectMultiScale'

2025-11-06 17:36:49,047 - ERROR - ‰∫∫ËÑ∏Ê£ÄÊµãÂ§±Ë¥•: OpenCV(4.12.0) D:\a\opencv-python\opencv-python\opencv\modules\objdetect\src\cascadedetect.cpp:1689: error: (-215:Assertion failed) !empty() in function 'cv::CascadeClassifier::detectMultiScale'

2025-11-06 17:36:49,153 - ERROR - ‰∫∫ËÑ∏Ê£ÄÊµãÂ§±Ë¥•: OpenCV(4.12.0) D:\a\opencv-python\opencv-python\opencv\modules\objdetect\src\cascadedetect.cpp:1689: error: (-215:Assertion failed) !empty() in function 'cv::CascadeClassifier::detectMultiScale'

2025-11-06 17:36:49,261 - ERROR - ‰∫∫ËÑ∏Ê£ÄÊµãÂ§±Ë¥•: OpenCV(4.12.0) D:\a\opencv-python\opencv-python\opencv\modules\objdetect\src\cascadedetect.cpp:1689: error: (-215:Assertion failed) !empty() in function 'cv::CascadeClassifier::detectMultiScale'

2025-11-06 17:36:49,292 - INFO - ‚èπÔ∏è ÂÅúÊ≠¢‰∫∫ËÑ∏ËØÜÂà´
2025-11-06 17:36:50,506 - INFO - üéØ ÂºÄÂßã‰∫∫ËÑ∏ËØÜÂà´
2025-11-06 17:36:50,614 - ERROR - ‰∫∫ËÑ∏Ê£ÄÊµãÂ§±Ë¥•: OpenCV(4.12.0) D:\a\opencv-python\opencv-python\opencv\modules\objdetect\src\cascadedetect.cpp:1689: error: (-215:Assertion failed) !empty() in function 'cv::CascadeClassifier::detectMultiScale'

2025-11-06 17:36:50,724 - ERROR - ‰∫∫ËÑ∏Ê£ÄÊµãÂ§±Ë¥•: OpenCV(4.12.0) D:\a\opencv-python\opencv-python\opencv\modules\objdetect\src\cascadedetect.cpp:1689: error: (-215:Assertion failed) !empty() in function 'cv::CascadeClassifier::detectMultiScale'

2025-11-06 17:36:50,833 - ERROR - ‰∫∫ËÑ∏Ê£ÄÊµãÂ§±Ë¥•: OpenCV(4.12.0) D:\a\opencv-python\opencv-python\opencv\modules\objdetect\src\cascadedetect.cpp:1689: error: (-215:Assertion failed) !empty() in function 'cv::CascadeClassifier::detectMultiScale'

2025-11-06 17:36:50,942 - ERROR - ‰∫∫ËÑ∏Ê£ÄÊµãÂ§±Ë¥•: OpenCV(4.12.0) D:\a\opencv-python\opencv-python\opencv\modules\objdetect\src\cascadedetect.cpp:1689: error: (-215:Assertion failed) !empty() in function 'cv::CascadeClassifier::detectMultiScale'

2025-11-06 17:36:51,049 - ERROR - ‰∫∫ËÑ∏Ê£ÄÊµãÂ§±Ë¥•: OpenCV(4.12.0) D:\a\opencv-python\opencv-python\opencv\modules\objdetect\src\cascadedetect.cpp:1689: error: (-215:Assertion failed) !empty() in function 'cv::CascadeClassifier::detectMultiScale'

2025-11-06 17:36:51,158 - ERROR - ‰∫∫ËÑ∏Ê£ÄÊµãÂ§±Ë¥•: OpenCV(4.12.0) D:\a\opencv-python\opencv-python\opencv\modules\objdetect\src\cascadedetect.cpp:1689: error: (-215:Assertion failed) !empty() in function 'cv::CascadeClassifier::detectMultiScale'

2025-11-06 17:36:51,267 - ERROR - ‰∫∫ËÑ∏Ê£ÄÊµãÂ§±Ë¥•: OpenCV(4.12.0) D:\a\opencv-python\opencv-python\opencv\modules\objdetect\src\cascadedetect.cpp:1689: error: (-215:Assertion failed) !empty() in function 'cv::CascadeClassifier::detectMultiScale'

2025-11-06 17:36:51,381 - ERROR - ‰∫∫ËÑ∏Ê£ÄÊµãÂ§±Ë¥•: OpenCV(4.12.0) D:\a\opencv-python\opencv-python\opencv\modules\objdetect\src\cascadedetect.cpp:1689: error: (-215:Assertion failed) !empty() in function 'cv::CascadeClassifier::detectMultiScale'

2025-11-06 17:36:51,486 - ERROR - ‰∫∫ËÑ∏Ê£ÄÊµãÂ§±Ë¥•: OpenCV(4.12.0) D:\a\opencv-python\opencv-python\opencv\modules\objdetect\src\cascadedetect.cpp:1689: error: (-215:Assertion failed) !empty() in function 'cv::CascadeClassifier::detectMultiScale'

2025-11-06 17:36:51,596 - ERROR - ‰∫∫ËÑ∏Ê£ÄÊµãÂ§±Ë¥•: OpenCV(4.12.0) D:\a\opencv-python\opencv-python\opencv\modules\objdetect\src\cascadedetect.cpp:1689: error: (-215:Assertion failed) !empty() in function 'cv::CascadeClassifier::detectMultiScale'

2025-11-06 17:36:51,703 - ERROR - ‰∫∫ËÑ∏Ê£ÄÊµãÂ§±Ë¥•: OpenCV(4.12.0) D:\a\opencv-python\opencv-python\opencv\modules\objdetect\src\cascadedetect.cpp:1689: error: (-215:Assertion failed) !empty() in function 'cv::CascadeClassifier::detectMultiScale'

2025-11-06 17:36:51,814 - ERROR - ‰∫∫ËÑ∏Ê£ÄÊµãÂ§±Ë¥•: OpenCV(4.12.0) D:\a\opencv-python\opencv-python\opencv\modules\objdetect\src\cascadedetect.cpp:1689: error: (-215:Assertion failed) !empty() in function 'cv::CascadeClassifier::detectMultiScale'

2025-11-06 17:36:51,934 - ERROR - ‰∫∫ËÑ∏Ê£ÄÊµãÂ§±Ë¥•: OpenCV(4.12.0) D:\a\opencv-python\opencv-python\opencv\modules\objdetect\src\cascadedetect.cpp:1689: error: (-215:Assertion failed) !empty() in function 'cv::CascadeClassifier::detectMultiScale'

2025-11-06 17:36:51,970 - ERROR - ‰∫∫ËÑ∏Ê£ÄÊµãÂ§±Ë¥•: OpenCV(4.12.0) D:\a\opencv-python\opencv-python\opencv\modules\objdetect\src\cascadedetect.cpp:1689: error: (-215:Assertion failed) !empty() in function 'cv::CascadeClassifier::detectMultiScale'

2025-11-06 17:36:52,045 - ERROR - ‰∫∫ËÑ∏Ê£ÄÊµãÂ§±Ë¥•: OpenCV(4.12.0) D:\a\opencv-python\opencv-python\opencv\modules\objdetect\src\cascadedetect.cpp:1689: error: (-215:Assertion failed) !empty() in function 'cv::CascadeClassifier::detectMultiScale'

2025-11-06 17:36:52,154 - ERROR - ‰∫∫ËÑ∏Ê£ÄÊµãÂ§±Ë¥•: OpenCV(4.12.0) D:\a\opencv-python\opencv-python\opencv\modules\objdetect\src\cascadedetect.cpp:1689: error: (-215:Assertion failed) !empty() in function 'cv::CascadeClassifier::detectMultiScale'

2025-11-06 17:36:52,265 - ERROR - ‰∫∫ËÑ∏Ê£ÄÊµãÂ§±Ë¥•: OpenCV(4.12.0) D:\a\opencv-python\opencv-python\opencv\modules\objdetect\src\cascadedetect.cpp:1689: error: (-215:Assertion failed) !empty() in function 'cv::CascadeClassifier::detectMultiScale'

2025-11-06 17:36:52,373 - ERROR - ‰∫∫ËÑ∏Ê£ÄÊµãÂ§±Ë¥•: OpenCV(4.12.0) D:\a\opencv-python\opencv-python\opencv\modules\objdetect\src\cascadedetect.cpp:1689: error: (-215:Assertion failed) !empty() in function 'cv::CascadeClassifier::detectMultiScale'

2025-11-06 17:36:52,483 - ERROR - ‰∫∫ËÑ∏Ê£ÄÊµãÂ§±Ë¥•: OpenCV(4.12.0) D:\a\opencv-python\opencv-python\opencv\modules\objdetect\src\cascadedetect.cpp:1689: error: (-215:Assertion failed) !empty() in function 'cv::CascadeClassifier::detectMultiScale'

2025-11-06 17:36:52,581 - ERROR - ‰∫∫ËÑ∏Ê£ÄÊµãÂ§±Ë¥•: OpenCV(4.12.0) D:\a\opencv-python\opencv-python\opencv\modules\objdetect\src\cascadedetect.cpp:1689: error: (-215:Assertion failed) !empty() in function 'cv::CascadeClassifier::detectMultiScale'

2025-11-06 17:36:52,691 - ERROR - ‰∫∫ËÑ∏Ê£ÄÊµãÂ§±Ë¥•: OpenCV(4.12.0) D:\a\opencv-python\opencv-python\opencv\modules\objdetect\src\cascadedetect.cpp:1689: error: (-215:Assertion failed) !empty() in function 'cv::CascadeClassifier::detectMultiScale'

2025-11-06 17:36:52,801 - ERROR - ‰∫∫ËÑ∏Ê£ÄÊµãÂ§±Ë¥•: OpenCV(4.12.0) D:\a\opencv-python\opencv-python\opencv\modules\objdetect\src\cascadedetect.cpp:1689: error: (-215:Assertion failed) !empty() in function 'cv::CascadeClassifier::detectMultiScale'

2025-11-06 17:36:52,918 - ERROR - ‰∫∫ËÑ∏Ê£ÄÊµãÂ§±Ë¥•: OpenCV(4.12.0) D:\a\opencv-python\opencv-python\opencv\modules\objdetect\src\cascadedetect.cpp:1689: error: (-215:Assertion failed) !empty() in function 'cv::CascadeClassifier::detectMultiScale'

2025-11-06 17:36:53,026 - ERROR - ‰∫∫ËÑ∏Ê£ÄÊµãÂ§±Ë¥•: OpenCV(4.12.0) D:\a\opencv-python\opencv-python\opencv\modules\objdetect\src\cascadedetect.cpp:1689: error: (-215:Assertion failed) !empty() in function 'cv::CascadeClassifier::detectMultiScale'

2025-11-06 17:36:53,136 - ERROR - ‰∫∫ËÑ∏Ê£ÄÊµãÂ§±Ë¥•: OpenCV(4.12.0) D:\a\opencv-python\opencv-python\opencv\modules\objdetect\src\cascadedetect.cpp:1689: error: (-215:Assertion failed) !empty() in function 'cv::CascadeClassifier::detectMultiScale'

2025-11-06 17:36:53,246 - ERROR - ‰∫∫ËÑ∏Ê£ÄÊµãÂ§±Ë¥•: OpenCV(4.12.0) D:\a\opencv-python\opencv-python\opencv\modules\objdetect\src\cascadedetect.cpp:1689: error: (-215:Assertion failed) !empty() in function 'cv::CascadeClassifier::detectMultiScale'

2025-11-06 17:36:53,354 - ERROR - ‰∫∫ËÑ∏Ê£ÄÊµãÂ§±Ë¥•: OpenCV(4.12.0) D:\a\opencv-python\opencv-python\opencv\modules\objdetect\src\cascadedetect.cpp:1689: error: (-215:Assertion failed) !empty() in function 'cv::CascadeClassifier::detectMultiScale'

2025-11-06 17:36:53,463 - ERROR - ‰∫∫ËÑ∏Ê£ÄÊµãÂ§±Ë¥•: OpenCV(4.12.0) D:\a\opencv-python\opencv-python\opencv\modules\objdetect\src\cascadedetect.cpp:1689: error: (-215:Assertion failed) !empty() in function 'cv::CascadeClassifier::detectMultiScale'

2025-11-06 17:36:53,574 - ERROR - ‰∫∫ËÑ∏Ê£ÄÊµãÂ§±Ë¥•: OpenCV(4.12.0) D:\a\opencv-python\opencv-python\opencv\modules\objdetect\src\cascadedetect.cpp:1689: error: (-215:Assertion failed) !empty() in function 'cv::CascadeClassifier::detectMultiScale'

2025-11-06 17:36:53,681 - ERROR - ‰∫∫ËÑ∏Ê£ÄÊµãÂ§±Ë¥•: OpenCV(4.12.0) D:\a\opencv-python\opencv-python\opencv\modules\objdetect\src\cascadedetect.cpp:1689: error: (-215:Assertion failed) !empty() in function 'cv::CascadeClassifier::detectMultiScale'

2025-11-06 17:36:53,793 - ERROR - ‰∫∫ËÑ∏Ê£ÄÊµãÂ§±Ë¥•: OpenCV(4.12.0) D:\a\opencv-python\opencv-python\opencv\modules\objdetect\src\cascadedetect.cpp:1689: error: (-215:Assertion failed) !empty() in function 'cv::CascadeClassifier::detectMultiScale'

2025-11-06 17:36:53,903 - ERROR - ‰∫∫ËÑ∏Ê£ÄÊµãÂ§±Ë¥•: OpenCV(4.12.0) D:\a\opencv-python\opencv-python\opencv\modules\objdetect\src\cascadedetect.cpp:1689: error: (-215:Assertion failed) !empty() in function 'cv::CascadeClassifier::detectMultiScale'

2025-11-06 17:36:54,005 - ERROR - ‰∫∫ËÑ∏Ê£ÄÊµãÂ§±Ë¥•: OpenCV(4.12.0) D:\a\opencv-python\opencv-python\opencv\modules\objdetect\src\cascadedetect.cpp:1689: error: (-215:Assertion failed) !empty() in function 'cv::CascadeClassifier::detectMultiScale'

2025-11-06 17:36:54,113 - ERROR - ‰∫∫ËÑ∏Ê£ÄÊµãÂ§±Ë¥•: OpenCV(4.12.0) D:\a\opencv-python\opencv-python\opencv\modules\objdetect\src\cascadedetect.cpp:1689: error: (-215:Assertion failed) !empty() in function 'cv::CascadeClassifier::detectMultiScale'

2025-11-06 17:36:54,227 - ERROR - ‰∫∫ËÑ∏Ê£ÄÊµãÂ§±Ë¥•: OpenCV(4.12.0) D:\a\opencv-python\opencv-python\opencv\modules\objdetect\src\cascadedetect.cpp:1689: error: (-215:Assertion failed) !empty() in function 'cv::CascadeClassifier::detectMultiScale'

2025-11-06 17:36:54,332 - ERROR - ‰∫∫ËÑ∏Ê£ÄÊµãÂ§±Ë¥•: OpenCV(4.12.0) D:\a\opencv-python\opencv-python\opencv\modules\objdetect\src\cascadedetect.cpp:1689: error: (-215:Assertion failed) !empty() in function 'cv::CascadeClassifier::detectMultiScale'

2025-11-06 17:36:54,447 - ERROR - ‰∫∫ËÑ∏Ê£ÄÊµãÂ§±Ë¥•: OpenCV(4.12.0) D:\a\opencv-python\opencv-python\opencv\modules\objdetect\src\cascadedetect.cpp:1689: error: (-215:Assertion failed) !empty() in function 'cv::CascadeClassifier::detectMultiScale'

2025-11-06 17:36:54,555 - ERROR - ‰∫∫ËÑ∏Ê£ÄÊµãÂ§±Ë¥•: OpenCV(4.12.0) D:\a\opencv-python\opencv-python\opencv\modules\objdetect\src\cascadedetect.cpp:1689: error: (-215:Assertion failed) !empty() in function 'cv::CascadeClassifier::detectMultiScale'

2025-11-06 17:36:54,664 - ERROR - ‰∫∫ËÑ∏Ê£ÄÊµãÂ§±Ë¥•: OpenCV(4.12.0) D:\a\opencv-python\opencv-python\opencv\modules\objdetect\src\cascadedetect.cpp:1689: error: (-215:Assertion failed) !empty() in function 'cv::CascadeClassifier::detectMultiScale'

2025-11-06 17:36:54,772 - ERROR - ‰∫∫ËÑ∏Ê£ÄÊµãÂ§±Ë¥•: OpenCV(4.12.0) D:\a\opencv-python\opencv-python\opencv\modules\objdetect\src\cascadedetect.cpp:1689: error: (-215:Assertion failed) !empty() in function 'cv::CascadeClassifier::detectMultiScale'

2025-11-06 17:36:54,881 - ERROR - ‰∫∫ËÑ∏Ê£ÄÊµãÂ§±Ë¥•: OpenCV(4.12.0) D:\a\opencv-python\opencv-python\opencv\modules\objdetect\src\cascadedetect.cpp:1689: error: (-215:Assertion failed) !empty() in function 'cv::CascadeClassifier::detectMultiScale'

2025-11-06 17:36:54,987 - ERROR - ‰∫∫ËÑ∏Ê£ÄÊµãÂ§±Ë¥•: OpenCV(4.12.0) D:\a\opencv-python\opencv-python\opencv\modules\objdetect\src\cascadedetect.cpp:1689: error: (-215:Assertion failed) !empty() in function 'cv::CascadeClassifier::detectMultiScale'

2025-11-06 17:36:55,097 - ERROR - ‰∫∫ËÑ∏Ê£ÄÊµãÂ§±Ë¥•: OpenCV(4.12.0) D:\a\opencv-python\opencv-python\opencv\modules\objdetect\src\cascadedetect.cpp:1689: error: (-215:Assertion failed) !empty() in function 'cv::CascadeClassifier::detectMultiScale'

2025-11-06 17:36:55,204 - ERROR - ‰∫∫ËÑ∏Ê£ÄÊµãÂ§±Ë¥•: OpenCV(4.12.0) D:\a\opencv-python\opencv-python\opencv\modules\objdetect\src\cascadedetect.cpp:1689: error: (-215:Assertion failed) !empty() in function 'cv::CascadeClassifier::detectMultiScale'

2025-11-06 17:36:55,314 - ERROR - ‰∫∫ËÑ∏Ê£ÄÊµãÂ§±Ë¥•: OpenCV(4.12.0) D:\a\opencv-python\opencv-python\opencv\modules\objdetect\src\cascadedetect.cpp:1689: error: (-215:Assertion failed) !empty() in function 'cv::CascadeClassifier::detectMultiScale'

2025-11-06 17:36:55,426 - ERROR - ‰∫∫ËÑ∏Ê£ÄÊµãÂ§±Ë¥•: OpenCV(4.12.0) D:\a\opencv-python\opencv-python\opencv\modules\objdetect\src\cascadedetect.cpp:1689: error: (-215:Assertion failed) !empty() in function 'cv::CascadeClassifier::detectMultiScale'

2025-11-06 17:36:55,536 - ERROR - ‰∫∫ËÑ∏Ê£ÄÊµãÂ§±Ë¥•: OpenCV(4.12.0) D:\a\opencv-python\opencv-python\opencv\modules\objdetect\src\cascadedetect.cpp:1689: error: (-215:Assertion failed) !empty() in function 'cv::CascadeClassifier::detectMultiScale'

2025-11-06 17:36:55,653 - ERROR - ‰∫∫ËÑ∏Ê£ÄÊµãÂ§±Ë¥•: OpenCV(4.12.0) D:\a\opencv-python\opencv-python\opencv\modules\objdetect\src\cascadedetect.cpp:1689: error: (-215:Assertion failed) !empty() in function 'cv::CascadeClassifier::detectMultiScale'

2025-11-06 17:36:55,763 - ERROR - ‰∫∫ËÑ∏Ê£ÄÊµãÂ§±Ë¥•: OpenCV(4.12.0) D:\a\opencv-python\opencv-python\opencv\modules\objdetect\src\cascadedetect.cpp:1689: error: (-215:Assertion failed) !empty() in function 'cv::CascadeClassifier::detectMultiScale'

2025-11-06 17:36:55,874 - ERROR - ‰∫∫ËÑ∏Ê£ÄÊµãÂ§±Ë¥•: OpenCV(4.12.0) D:\a\opencv-python\opencv-python\opencv\modules\objdetect\src\cascadedetect.cpp:1689: error: (-215:Assertion failed) !empty() in function 'cv::CascadeClassifier::detectMultiScale'

2025-11-06 17:36:55,984 - ERROR - ‰∫∫ËÑ∏Ê£ÄÊµãÂ§±Ë¥•: OpenCV(4.12.0) D:\a\opencv-python\opencv-python\opencv\modules\objdetect\src\cascadedetect.cpp:1689: error: (-215:Assertion failed) !empty() in function 'cv::CascadeClassifier::detectMultiScale'

2025-11-06 17:36:56,090 - ERROR - ‰∫∫ËÑ∏Ê£ÄÊµãÂ§±Ë¥•: OpenCV(4.12.0) D:\a\opencv-python\opencv-python\opencv\modules\objdetect\src\cascadedetect.cpp:1689: error: (-215:Assertion failed) !empty() in function 'cv::CascadeClassifier::detectMultiScale'

2025-11-06 17:36:56,200 - ERROR - ‰∫∫ËÑ∏Ê£ÄÊµãÂ§±Ë¥•: OpenCV(4.12.0) D:\a\opencv-python\opencv-python\opencv\modules\objdetect\src\cascadedetect.cpp:1689: error: (-215:Assertion failed) !empty() in function 'cv::CascadeClassifier::detectMultiScale'

2025-11-06 17:36:56,315 - ERROR - ‰∫∫ËÑ∏Ê£ÄÊµãÂ§±Ë¥•: OpenCV(4.12.0) D:\a\opencv-python\opencv-python\opencv\modules\objdetect\src\cascadedetect.cpp:1689: error: (-215:Assertion failed) !empty() in function 'cv::CascadeClassifier::detectMultiScale'

2025-11-06 17:36:56,419 - ERROR - ‰∫∫ËÑ∏Ê£ÄÊµãÂ§±Ë¥•: OpenCV(4.12.0) D:\a\opencv-python\opencv-python\opencv\modules\objdetect\src\cascadedetect.cpp:1689: error: (-215:Assertion failed) !empty() in function 'cv::CascadeClassifier::detectMultiScale'

2025-11-06 17:36:56,527 - ERROR - ‰∫∫ËÑ∏Ê£ÄÊµãÂ§±Ë¥•: OpenCV(4.12.0) D:\a\opencv-python\opencv-python\opencv\modules\objdetect\src\cascadedetect.cpp:1689: error: (-215:Assertion failed) !empty() in function 'cv::CascadeClassifier::detectMultiScale'

2025-11-06 17:36:56,635 - ERROR - ‰∫∫ËÑ∏Ê£ÄÊµãÂ§±Ë¥•: OpenCV(4.12.0) D:\a\opencv-python\opencv-python\opencv\modules\objdetect\src\cascadedetect.cpp:1689: error: (-215:Assertion failed) !empty() in function 'cv::CascadeClassifier::detectMultiScale'

2025-11-06 17:36:56,746 - ERROR - ‰∫∫ËÑ∏Ê£ÄÊµãÂ§±Ë¥•: OpenCV(4.12.0) D:\a\opencv-python\opencv-python\opencv\modules\objdetect\src\cascadedetect.cpp:1689: error: (-215:Assertion failed) !empty() in function 'cv::CascadeClassifier::detectMultiScale'

2025-11-06 17:36:56,856 - ERROR - ‰∫∫ËÑ∏Ê£ÄÊµãÂ§±Ë¥•: OpenCV(4.12.0) D:\a\opencv-python\opencv-python\opencv\modules\objdetect\src\cascadedetect.cpp:1689: error: (-215:Assertion failed) !empty() in function 'cv::CascadeClassifier::detectMultiScale'

2025-11-06 17:36:56,966 - ERROR - ‰∫∫ËÑ∏Ê£ÄÊµãÂ§±Ë¥•: OpenCV(4.12.0) D:\a\opencv-python\opencv-python\opencv\modules\objdetect\src\cascadedetect.cpp:1689: error: (-215:Assertion failed) !empty() in function 'cv::CascadeClassifier::detectMultiScale'

2025-11-06 17:36:56,998 - ERROR - ‰∫∫ËÑ∏Ê£ÄÊµãÂ§±Ë¥•: OpenCV(4.12.0) D:\a\opencv-python\opencv-python\opencv\modules\objdetect\src\cascadedetect.cpp:1689: error: (-215:Assertion failed) !empty() in function 'cv::CascadeClassifier::detectMultiScale'

2025-11-06 17:36:57,074 - ERROR - ‰∫∫ËÑ∏Ê£ÄÊµãÂ§±Ë¥•: OpenCV(4.12.0) D:\a\opencv-python\opencv-python\opencv\modules\objdetect\src\cascadedetect.cpp:1689: error: (-215:Assertion failed) !empty() in function 'cv::CascadeClassifier::detectMultiScale'

2025-11-06 17:36:57,183 - ERROR - ‰∫∫ËÑ∏Ê£ÄÊµãÂ§±Ë¥•: OpenCV(4.12.0) D:\a\opencv-python\opencv-python\opencv\modules\objdetect\src\cascadedetect.cpp:1689: error: (-215:Assertion failed) !empty() in function 'cv::CascadeClassifier::detectMultiScale'

2025-11-06 17:36:57,292 - ERROR - ‰∫∫ËÑ∏Ê£ÄÊµãÂ§±Ë¥•: OpenCV(4.12.0) D:\a\opencv-python\opencv-python\opencv\modules\objdetect\src\cascadedetect.cpp:1689: error: (-215:Assertion failed) !empty() in function 'cv::CascadeClassifier::detectMultiScale'

2025-11-06 17:36:57,401 - ERROR - ‰∫∫ËÑ∏Ê£ÄÊµãÂ§±Ë¥•: OpenCV(4.12.0) D:\a\opencv-python\opencv-python\opencv\modules\objdetect\src\cascadedetect.cpp:1689: error: (-215:Assertion failed) !empty() in function 'cv::CascadeClassifier::detectMultiScale'

2025-11-06 17:36:57,515 - ERROR - ‰∫∫ËÑ∏Ê£ÄÊµãÂ§±Ë¥•: OpenCV(4.12.0) D:\a\opencv-python\opencv-python\opencv\modules\objdetect\src\cascadedetect.cpp:1689: error: (-215:Assertion failed) !empty() in function 'cv::CascadeClassifier::detectMultiScale'

2025-11-06 17:36:57,616 - ERROR - ‰∫∫ËÑ∏Ê£ÄÊµãÂ§±Ë¥•: OpenCV(4.12.0) D:\a\opencv-python\opencv-python\opencv\modules\objdetect\src\cascadedetect.cpp:1689: error: (-215:Assertion failed) !empty() in function 'cv::CascadeClassifier::detectMultiScale'

2025-11-06 17:36:57,730 - ERROR - ‰∫∫ËÑ∏Ê£ÄÊµãÂ§±Ë¥•: OpenCV(4.12.0) D:\a\opencv-python\opencv-python\opencv\modules\objdetect\src\cascadedetect.cpp:1689: error: (-215:Assertion failed) !empty() in function 'cv::CascadeClassifier::detectMultiScale'

2025-11-06 17:36:57,841 - ERROR - ‰∫∫ËÑ∏Ê£ÄÊµãÂ§±Ë¥•: OpenCV(4.12.0) D:\a\opencv-python\opencv-python\opencv\modules\objdetect\src\cascadedetect.cpp:1689: error: (-215:Assertion failed) !empty() in function 'cv::CascadeClassifier::detectMultiScale'

2025-11-06 17:36:57,939 - ERROR - ‰∫∫ËÑ∏Ê£ÄÊµãÂ§±Ë¥•: OpenCV(4.12.0) D:\a\opencv-python\opencv-python\opencv\modules\objdetect\src\cascadedetect.cpp:1689: error: (-215:Assertion failed) !empty() in function 'cv::CascadeClassifier::detectMultiScale'

2025-11-06 17:36:58,058 - ERROR - ‰∫∫ËÑ∏Ê£ÄÊµãÂ§±Ë¥•: OpenCV(4.12.0) D:\a\opencv-python\opencv-python\opencv\modules\objdetect\src\cascadedetect.cpp:1689: error: (-215:Assertion failed) !empty() in function 'cv::CascadeClassifier::detectMultiScale'

2025-11-06 17:36:58,168 - ERROR - ‰∫∫ËÑ∏Ê£ÄÊµãÂ§±Ë¥•: OpenCV(4.12.0) D:\a\opencv-python\opencv-python\opencv\modules\objdetect\src\cascadedetect.cpp:1689: error: (-215:Assertion failed) !empty() in function 'cv::CascadeClassifier::detectMultiScale'

2025-11-06 17:36:58,280 - ERROR - ‰∫∫ËÑ∏Ê£ÄÊµãÂ§±Ë¥•: OpenCV(4.12.0) D:\a\opencv-python\opencv-python\opencv\modules\objdetect\src\cascadedetect.cpp:1689: error: (-215:Assertion failed) !empty() in function 'cv::CascadeClassifier::detectMultiScale'

2025-11-06 17:36:58,380 - ERROR - ‰∫∫ËÑ∏Ê£ÄÊµãÂ§±Ë¥•: OpenCV(4.12.0) D:\a\opencv-python\opencv-python\opencv\modules\objdetect\src\cascadedetect.cpp:1689: error: (-215:Assertion failed) !empty() in function 'cv::CascadeClassifier::detectMultiScale'

2025-11-06 17:36:58,490 - ERROR - ‰∫∫ËÑ∏Ê£ÄÊµãÂ§±Ë¥•: OpenCV(4.12.0) D:\a\opencv-python\opencv-python\opencv\modules\objdetect\src\cascadedetect.cpp:1689: error: (-215:Assertion failed) !empty() in function 'cv::CascadeClassifier::detectMultiScale'

2025-11-06 17:36:58,594 - ERROR - ‰∫∫ËÑ∏Ê£ÄÊµãÂ§±Ë¥•: OpenCV(4.12.0) D:\a\opencv-python\opencv-python\opencv\modules\objdetect\src\cascadedetect.cpp:1689: error: (-215:Assertion failed) !empty() in function 'cv::CascadeClassifier::detectMultiScale'

2025-11-06 17:36:58,713 - ERROR - ‰∫∫ËÑ∏Ê£ÄÊµãÂ§±Ë¥•: OpenCV(4.12.0) D:\a\opencv-python\opencv-python\opencv\modules\objdetect\src\cascadedetect.cpp:1689: error: (-215:Assertion failed) !empty() in function 'cv::CascadeClassifier::detectMultiScale'

2025-11-06 17:36:58,822 - ERROR - ‰∫∫ËÑ∏Ê£ÄÊµãÂ§±Ë¥•: OpenCV(4.12.0) D:\a\opencv-python\opencv-python\opencv\modules\objdetect\src\cascadedetect.cpp:1689: error: (-215:Assertion failed) !empty() in function 'cv::CascadeClassifier::detectMultiScale'

2025-11-06 17:36:58,932 - ERROR - ‰∫∫ËÑ∏Ê£ÄÊµãÂ§±Ë¥•: OpenCV(4.12.0) D:\a\opencv-python\opencv-python\opencv\modules\objdetect\src\cascadedetect.cpp:1689: error: (-215:Assertion failed) !empty() in function 'cv::CascadeClassifier::detectMultiScale'

2025-11-06 17:36:59,041 - ERROR - ‰∫∫ËÑ∏Ê£ÄÊµãÂ§±Ë¥•: OpenCV(4.12.0) D:\a\opencv-python\opencv-python\opencv\modules\objdetect\src\cascadedetect.cpp:1689: error: (-215:Assertion failed) !empty() in function 'cv::CascadeClassifier::detectMultiScale'

2025-11-06 17:36:59,088 - INFO - ‚èπÔ∏è ÂÅúÊ≠¢‰∫∫ËÑ∏ËØÜÂà´
2025-11-06 17:36:59,948 - ERROR - ‰∫∫ËÑ∏Ê£ÄÊµãÂ§±Ë¥•: OpenCV(4.12.0) D:\a\opencv-python\opencv-python\opencv\modules\objdetect\src\cascadedetect.cpp:1689: error: (-215:Assertion failed) !empty() in function 'cv::CascadeClassifier::detectMultiScale'

2025-11-06 17:37:03,525 - INFO - ‰∫∫ËÑ∏Êï∞ÊçÆÂ∫ìÂ∑≤‰øùÂ≠ò
2025-11-06 17:37:03,525 - INFO - üóëÔ∏è ‰∫∫ËÑ∏Êï∞ÊçÆÂ∫ìÂ∑≤Ê∏ÖÁ©∫
2025-11-06 17:37:06,605 - INFO - üîö Â∫îÁî®Á®ãÂ∫èÂ∑≤ÈÄÄÂá∫
2025-11-06 17:42:50,735 - WARNING - ‚ùå Êó†Ê≥ïÂä†ËΩΩHaarÁ∫ßËÅîÂàÜÁ±ªÂô®ÔºåÂ∞Ü‰ΩøÁî®Â§áÁî®Ê£ÄÊµãÊñπÊ≥ï
2025-11-06 17:42:50,735 - INFO - Â∑≤Âä†ËΩΩ 0 ‰∏™‰∫∫ËÑ∏Êï∞ÊçÆ
2025-11-06 17:42:50,788 - INFO - Imported existing <module 'comtypes.gen' from 'C:\\Users\\liliwanxiang\\.conda\\envs\\Êú∫Âô®Â≠¶‰π†\\Lib\\site-packages\\comtypes\\gen\\__init__.py'>
2025-11-06 17:42:50,788 - INFO - Using writeable comtypes cache directory: 'C:\Users\liliwanxiang\.conda\envs\Êú∫Âô®Â≠¶‰π†\Lib\site-packages\comtypes\gen'
2025-11-06 17:42:51,011 - INFO - Â∑≤ËÆæÁΩÆ‰∏≠ÊñáËØ≠Èü≥: Microsoft Huihui Desktop - Chinese (Simplified)
2025-11-06 17:42:51,011 - INFO - ËØ≠Èü≥Êí≠Êä•Âô®ÂàùÂßãÂåñÂÆåÊàê
2025-11-06 17:42:53,982 - INFO - ‚úÖ ÊëÑÂÉèÂ§¥ÂàùÂßãÂåñÊàêÂäü
2025-11-06 17:42:53,982 - INFO - Â∫îÁî®Á®ãÂ∫èÂàùÂßãÂåñÂÆåÊàê
2025-11-06 17:42:56,351 - INFO - üéØ ÂºÄÂßã‰∫∫ËÑ∏ËØÜÂà´
2025-11-06 17:42:57,037 - INFO - üéµ Êí≠Êä•: Êú™Áü•‰∫∫Âëò
2025-11-06 17:42:57,042 - INFO - ÂºÄÂßãÊí≠Êä•: None
2025-11-06 17:43:01,670 - INFO - Êí≠Êä•ÂÆåÊàê: None
2025-11-06 17:43:02,058 - INFO - ÂºÄÂßãÊí≠Êä•: None
2025-11-06 17:43:02,060 - INFO - üéµ Êí≠Êä•: Êú™Áü•‰∫∫Âëò
2025-11-06 17:43:02,174 - WARNING - Êí≠Êä•‰∏≠Êñ≠: None
2025-11-06 17:43:07,101 - INFO - ÂºÄÂßãÊí≠Êä•: None
2025-11-06 17:43:07,101 - INFO - üéµ Êí≠Êä•: Êú™Áü•‰∫∫Âëò
2025-11-06 17:43:07,199 - WARNING - Êí≠Êä•‰∏≠Êñ≠: None
2025-11-06 17:43:12,129 - INFO - ÂºÄÂßãÊí≠Êä•: None
2025-11-06 17:43:12,130 - INFO - üéµ Êí≠Êä•: Êú™Áü•‰∫∫Âëò
2025-11-06 17:43:12,237 - WARNING - Êí≠Êä•‰∏≠Êñ≠: None
2025-11-06 17:43:13,634 - INFO - üîß ÂàáÊç¢Ê®°Âºè: ÂÆâÂÖ®Ê®°Âºè
2025-11-06 17:43:17,092 - INFO - ‚èπÔ∏è ÂÅúÊ≠¢‰∫∫ËÑ∏ËØÜÂà´
2025-11-06 17:43:19,222 - INFO - üîö Â∫îÁî®Á®ãÂ∫èÂ∑≤ÈÄÄÂá∫
